<?xml version="1.0" encoding="UTF-8"?>
<coverage generated="1776834412826" clover="3.2.0">
  <project timestamp="1776834412826" name="All files">
    <metrics statements="300" coveredstatements="257" conditionals="165" coveredconditionals="136" methods="58" coveredmethods="54" elements="523" coveredelements="447" complexity="0" loc="300" ncloc="300" packages="1" files="6" classes="6"/>
    <file name="Board.js" path="C:\Users\evann\.vscode\STRATEGO\Jac-Of-All-Trades\server\src\game\Board.js">
      <metrics statements="65" coveredstatements="61" conditionals="48" coveredconditionals="44" methods="10" coveredmethods="10"/>
      <line num="2" count="2" type="stmt"/>
      <line num="6" count="80" type="stmt"/>
      <line num="7" count="80" type="stmt"/>
      <line num="11" count="80" type="stmt"/>
      <line num="13" count="80" type="stmt"/>
      <line num="14" count="800" type="stmt"/>
      <line num="15" count="800" type="stmt"/>
      <line num="16" count="8000" type="cond" truecount="8" falsecount="0"/>
      <line num="17" count="640" type="stmt"/>
      <line num="19" count="7360" type="stmt"/>
      <line num="22" count="800" type="stmt"/>
      <line num="25" count="80" type="stmt"/>
      <line num="29" count="2051" type="cond" truecount="6" falsecount="0"/>
      <line num="30" count="40" type="stmt"/>
      <line num="32" count="2011" type="stmt"/>
      <line num="37" count="22" type="stmt"/>
      <line num="38" count="22" type="stmt"/>
      <line num="39" count="22" type="stmt"/>
      <line num="40" count="22" type="cond" truecount="2" falsecount="0"/>
      <line num="43" count="22" type="stmt"/>
      <line num="44" count="83" type="stmt"/>
      <line num="45" count="83" type="cond" truecount="2" falsecount="0"/>
      <line num="46" count="78" type="stmt"/>
      <line num="47" count="78" type="cond" truecount="2" falsecount="0"/>
      <line num="48" count="3" type="stmt"/>
      <line num="51" count="5" type="stmt"/>
      <line num="56" count="22" type="stmt"/>
      <line num="57" count="22" type="stmt"/>
      <line num="58" count="22" type="cond" truecount="2" falsecount="0"/>
      <line num="59" count="1" type="stmt"/>
      <line num="60" count="1" type="cond" truecount="1" falsecount="1"/>
      <line num="61" count="0" type="stmt"/>
      <line num="64" count="21" type="stmt"/>
      <line num="69" count="22" type="stmt"/>
      <line num="70" count="118" type="stmt"/>
      <line num="71" count="118" type="cond" truecount="1" falsecount="1"/>
      <line num="72" count="118" type="stmt"/>
      <line num="73" count="118" type="cond" truecount="1" falsecount="1"/>
      <line num="74" count="0" type="stmt"/>
      <line num="77" count="0" type="stmt"/>
      <line num="82" count="22" type="stmt"/>
      <line num="83" count="22" type="stmt"/>
      <line num="84" count="22" type="cond" truecount="2" falsecount="0"/>
      <line num="85" count="5" type="stmt"/>
      <line num="86" count="5" type="cond" truecount="1" falsecount="1"/>
      <line num="87" count="0" type="stmt"/>
      <line num="90" count="17" type="stmt"/>
      <line num="94" count="22" type="stmt"/>
      <line num="98" count="250" type="cond" truecount="2" falsecount="0"/>
      <line num="100" count="211" type="cond" truecount="2" falsecount="0"/>
      <line num="102" count="209" type="cond" truecount="2" falsecount="0"/>
      <line num="105" count="9" type="cond" truecount="2" falsecount="0"/>
      <line num="107" count="4" type="stmt"/>
      <line num="111" count="22" type="stmt"/>
      <line num="112" count="22" type="stmt"/>
      <line num="114" count="22" type="cond" truecount="7" falsecount="0"/>
      <line num="115" count="2" type="stmt"/>
      <line num="118" count="20" type="stmt"/>
      <line num="119" count="20" type="stmt"/>
      <line num="121" count="20" type="stmt"/>
      <line num="126" count="16" type="stmt"/>
      <line num="131" count="10" type="stmt"/>
      <line num="132" count="100" type="stmt"/>
      <line num="134" count="1000" type="stmt"/>
      <line num="141" count="2" type="stmt"/>
    </file>
    <file name="Game.js" path="C:\Users\evann\.vscode\STRATEGO\Jac-Of-All-Trades\server\src\game\Game.js">
      <metrics statements="149" coveredstatements="110" conditionals="89" coveredconditionals="64" methods="18" coveredmethods="14"/>
      <line num="1" count="1" type="stmt"/>
      <line num="2" count="1" type="stmt"/>
      <line num="3" count="1" type="stmt"/>
      <line num="4" count="1" type="stmt"/>
      <line num="8" count="48" type="stmt"/>
      <line num="9" count="48" type="stmt"/>
      <line num="10" count="48" type="stmt"/>
      <line num="11" count="48" type="stmt"/>
      <line num="12" count="48" type="stmt"/>
      <line num="13" count="48" type="stmt"/>
      <line num="14" count="48" type="stmt"/>
      <line num="15" count="48" type="stmt"/>
      <line num="22" count="0" type="stmt"/>
      <line num="26" count="4" type="cond" truecount="2" falsecount="0"/>
      <line num="27" count="1" type="stmt"/>
      <line num="29" count="3" type="stmt"/>
      <line num="33" count="1" type="cond" truecount="1" falsecount="1"/>
      <line num="34" count="0" type="stmt"/>
      <line num="36" count="1" type="stmt"/>
      <line num="40" count="8" type="cond" truecount="1" falsecount="1"/>
      <line num="41" count="0" type="stmt"/>
      <line num="43" count="8" type="stmt"/>
      <line num="47" count="5" type="cond" truecount="1" falsecount="1"/>
      <line num="48" count="0" type="stmt"/>
      <line num="50" count="5" type="stmt"/>
      <line num="51" count="5" type="cond" truecount="4" falsecount="0"/>
      <line num="52" count="2" type="stmt"/>
      <line num="53" count="2" type="stmt"/>
      <line num="59" count="2" type="stmt"/>
      <line num="60" count="2" type="stmt"/>
      <line num="61" count="8" type="stmt"/>
      <line num="62" count="80" type="stmt"/>
      <line num="63" count="80" type="stmt"/>
      <line num="68" count="2" type="stmt"/>
      <line num="69" count="2" type="stmt"/>
      <line num="70" count="8" type="stmt"/>
      <line num="71" count="80" type="stmt"/>
      <line num="72" count="80" type="stmt"/>
      <line num="78" count="20" type="cond" truecount="1" falsecount="1"/>
      <line num="79" count="0" type="stmt"/>
      <line num="81" count="20" type="stmt"/>
      <line num="82" count="19" type="stmt"/>
      <line num="84" count="19" type="cond" truecount="3" falsecount="1"/>
      <line num="85" count="0" type="stmt"/>
      <line num="87" count="19" type="cond" truecount="2" falsecount="0"/>
      <line num="88" count="1" type="stmt"/>
      <line num="91" count="18" type="cond" truecount="1" falsecount="1"/>
      <line num="92" count="0" type="stmt"/>
      <line num="97" count="18" type="cond" truecount="2" falsecount="0"/>
      <line num="98" count="13" type="stmt"/>
      <line num="100" count="13" type="cond" truecount="4" falsecount="0"/>
      <line num="101" count="9" type="stmt"/>
      <line num="102" count="9" type="stmt"/>
      <line num="103" count="9" type="stmt"/>
      <line num="106" count="5" type="stmt"/>
      <line num="107" count="5" type="stmt"/>
      <line num="109" count="18" type="stmt"/>
      <line num="118" count="18" type="stmt"/>
      <line num="120" count="18" type="stmt"/>
      <line num="123" count="18" type="cond" truecount="4" falsecount="0"/>
      <line num="124" count="5" type="stmt"/>
      <line num="125" count="5" type="cond" truecount="2" falsecount="0"/>
      <line num="126" count="5" type="stmt"/>
      <line num="129" count="18" type="stmt"/>
      <line num="133" count="13" type="stmt"/>
      <line num="134" count="13" type="stmt"/>
      <line num="137" count="13" type="cond" truecount="2" falsecount="0"/>
      <line num="138" count="2" type="stmt"/>
      <line num="139" count="2" type="stmt"/>
      <line num="140" count="2" type="stmt"/>
      <line num="141" count="2" type="stmt"/>
      <line num="142" count="2" type="stmt"/>
      <line num="143" count="2" type="stmt"/>
      <line num="146" count="11" type="cond" truecount="4" falsecount="0"/>
      <line num="148" count="2" type="stmt"/>
      <line num="149" count="2" type="stmt"/>
      <line num="150" count="2" type="stmt"/>
      <line num="153" count="9" type="cond" truecount="4" falsecount="0"/>
      <line num="154" count="2" type="stmt"/>
      <line num="155" count="2" type="stmt"/>
      <line num="156" count="2" type="stmt"/>
      <line num="159" count="7" type="cond" truecount="2" falsecount="0"/>
      <line num="160" count="3" type="stmt"/>
      <line num="161" count="3" type="stmt"/>
      <line num="162" count="3" type="stmt"/>
      <line num="163" count="4" type="cond" truecount="2" falsecount="0"/>
      <line num="164" count="2" type="stmt"/>
      <line num="165" count="2" type="stmt"/>
      <line num="168" count="2" type="stmt"/>
      <line num="169" count="2" type="stmt"/>
      <line num="170" count="2" type="stmt"/>
      <line num="175" count="21" type="cond" truecount="2" falsecount="0"/>
      <line num="179" count="0" type="stmt"/>
      <line num="180" count="0" type="stmt"/>
      <line num="181" count="0" type="stmt"/>
      <line num="182" count="0" type="cond" truecount="0" falsecount="4"/>
      <line num="183" count="0" type="stmt"/>
      <line num="187" count="0" type="stmt"/>
      <line num="192" count="20" type="stmt"/>
      <line num="193" count="155" type="stmt"/>
      <line num="194" count="1509" type="stmt"/>
      <line num="195" count="1509" type="cond" truecount="4" falsecount="0"/>
      <line num="197" count="10" type="cond" truecount="2" falsecount="0"/>
      <line num="199" count="5" type="stmt"/>
      <line num="200" count="5" type="cond" truecount="1" falsecount="1"/>
      <line num="201" count="5" type="stmt"/>
      <line num="207" count="15" type="stmt"/>
      <line num="211" count="4" type="stmt"/>
      <line num="214" count="4" type="cond" truecount="3" falsecount="1"/>
      <line num="215" count="0" type="stmt"/>
      <line num="219" count="4" type="cond" truecount="2" falsecount="0"/>
      <line num="220" count="1" type="stmt"/>
      <line num="224" count="3" type="cond" truecount="2" falsecount="0"/>
      <line num="225" count="1" type="stmt"/>
      <line num="229" count="2" type="stmt"/>
      <line num="235" count="8" type="cond" truecount="1" falsecount="1"/>
      <line num="236" count="0" type="stmt"/>
      <line num="250" count="8" type="stmt"/>
      <line num="251" count="8" type="stmt"/>
      <line num="252" count="80" type="stmt"/>
      <line num="253" count="800" type="cond" truecount="2" falsecount="0"/>
      <line num="258" count="2" type="stmt"/>
      <line num="267" count="798" type="stmt"/>
      <line num="271" count="8" type="stmt"/>
      <line num="287" count="0" type="stmt"/>
      <line num="288" count="0" type="stmt"/>
      <line num="302" count="0" type="stmt"/>
      <line num="303" count="0" type="stmt"/>
      <line num="304" count="0" type="stmt"/>
      <line num="305" count="0" type="stmt"/>
      <line num="306" count="0" type="stmt"/>
      <line num="307" count="0" type="stmt"/>
      <line num="310" count="0" type="cond" truecount="0" falsecount="2"/>
      <line num="311" count="0" type="stmt"/>
      <line num="312" count="0" type="stmt"/>
      <line num="313" count="0" type="stmt"/>
      <line num="315" count="0" type="cond" truecount="0" falsecount="2"/>
      <line num="316" count="0" type="stmt"/>
      <line num="317" count="0" type="stmt"/>
      <line num="318" count="0" type="stmt"/>
      <line num="322" count="0" type="cond" truecount="0" falsecount="4"/>
      <line num="323" count="0" type="stmt"/>
      <line num="324" count="0" type="stmt"/>
      <line num="325" count="0" type="cond" truecount="0" falsecount="2"/>
      <line num="326" count="0" type="stmt"/>
      <line num="327" count="0" type="cond" truecount="0" falsecount="2"/>
      <line num="328" count="0" type="stmt"/>
      <line num="334" count="0" type="stmt"/>
      <line num="341" count="1" type="stmt"/>
    </file>
    <file name="Move.js" path="C:\Users\evann\.vscode\STRATEGO\Jac-Of-All-Trades\server\src\game\Move.js">
      <metrics statements="10" coveredstatements="10" conditionals="2" coveredconditionals="2" methods="1" coveredmethods="1"/>
      <line num="3" count="20" type="stmt"/>
      <line num="4" count="20" type="stmt"/>
      <line num="5" count="20" type="stmt"/>
      <line num="6" count="20" type="stmt"/>
      <line num="7" count="20" type="stmt"/>
      <line num="8" count="20" type="stmt"/>
      <line num="9" count="20" type="stmt"/>
      <line num="10" count="20" type="stmt"/>
      <line num="11" count="20" type="stmt"/>
      <line num="14" count="2" type="stmt"/>
    </file>
    <file name="Piece.js" path="C:\Users\evann\.vscode\STRATEGO\Jac-Of-All-Trades\server\src\game\Piece.js">
      <metrics statements="14" coveredstatements="14" conditionals="2" coveredconditionals="2" methods="11" coveredmethods="11"/>
      <line num="3" count="252" type="stmt"/>
      <line num="4" count="252" type="stmt"/>
      <line num="5" count="252" type="stmt"/>
      <line num="9" count="35" type="cond" truecount="2" falsecount="0"/>
      <line num="13" count="1" type="stmt"/>
      <line num="17" count="1" type="stmt"/>
      <line num="21" count="1" type="stmt"/>
      <line num="25" count="1" type="stmt"/>
      <line num="29" count="23" type="stmt"/>
      <line num="33" count="27" type="stmt"/>
      <line num="37" count="1" type="stmt"/>
      <line num="41" count="38" type="stmt"/>
      <line num="45" count="114" type="stmt"/>
      <line num="49" count="4" type="stmt"/>
    </file>
    <file name="Player.js" path="C:\Users\evann\.vscode\STRATEGO\Jac-Of-All-Trades\server\src\game\Player.js">
      <metrics statements="49" coveredstatements="49" conditionals="20" coveredconditionals="20" methods="11" coveredmethods="11"/>
      <line num="3" count="138" type="stmt"/>
      <line num="4" count="138" type="stmt"/>
      <line num="5" count="552" type="stmt"/>
      <line num="6" count="138" type="stmt"/>
      <line num="7" count="138" type="stmt"/>
      <line num="11" count="167" type="stmt"/>
      <line num="26" count="167" type="stmt"/>
      <line num="30" count="21" type="stmt"/>
      <line num="34" count="7" type="cond" truecount="2" falsecount="0"/>
      <line num="35" count="1" type="stmt"/>
      <line num="37" count="6" type="stmt"/>
      <line num="41" count="23" type="cond" truecount="2" falsecount="0"/>
      <line num="42" count="22" type="cond" truecount="2" falsecount="0"/>
      <line num="43" count="21" type="cond" truecount="2" falsecount="0"/>
      <line num="44" count="5" type="stmt"/>
      <line num="46" count="16" type="stmt"/>
      <line num="48" count="21" type="stmt"/>
      <line num="49" count="21" type="cond" truecount="2" falsecount="0"/>
      <line num="50" count="3" type="stmt"/>
      <line num="53" count="1" type="stmt"/>
      <line num="56" count="1" type="stmt"/>
      <line num="61" count="9" type="cond" truecount="2" falsecount="0"/>
      <line num="62" count="1" type="stmt"/>
      <line num="65" count="8" type="cond" truecount="4" falsecount="0"/>
      <line num="66" count="2" type="stmt"/>
      <line num="69" count="6" type="stmt"/>
      <line num="70" count="6" type="stmt"/>
      <line num="72" count="6" type="stmt"/>
      <line num="73" count="6" type="cond" truecount="2" falsecount="0"/>
      <line num="75" count="6" type="cond" truecount="2" falsecount="0"/>
      <line num="76" count="1" type="stmt"/>
      <line num="81" count="64" type="stmt"/>
      <line num="82" count="16" type="stmt"/>
      <line num="84" count="16" type="stmt"/>
      <line num="85" count="16" type="stmt"/>
      <line num="86" count="192" type="stmt"/>
      <line num="87" count="640" type="stmt"/>
      <line num="91" count="16" type="stmt"/>
      <line num="92" count="624" type="stmt"/>
      <line num="93" count="624" type="stmt"/>
      <line num="96" count="16" type="stmt"/>
      <line num="97" count="16" type="stmt"/>
      <line num="98" count="64" type="stmt"/>
      <line num="99" count="640" type="stmt"/>
      <line num="103" count="16" type="stmt"/>
      <line num="104" count="16" type="stmt"/>
      <line num="108" count="18" type="stmt"/>
      <line num="112" count="10" type="stmt"/>
      <line num="117" count="2" type="stmt"/>
    </file>
    <file name="Space.js" path="C:\Users\evann\.vscode\STRATEGO\Jac-Of-All-Trades\server\src\game\Space.js">
      <metrics statements="13" coveredstatements="13" conditionals="4" coveredconditionals="4" methods="7" coveredmethods="7"/>
      <line num="3" count="8005" type="stmt"/>
      <line num="4" count="8005" type="stmt"/>
      <line num="5" count="8005" type="stmt"/>
      <line num="6" count="8005" type="stmt"/>
      <line num="10" count="226" type="cond" truecount="2" falsecount="0"/>
      <line num="14" count="257" type="stmt"/>
      <line num="19" count="32" type="stmt"/>
      <line num="20" count="32" type="stmt"/>
      <line num="21" count="32" type="stmt"/>
      <line num="25" count="22" type="stmt"/>
      <line num="29" count="22" type="stmt"/>
      <line num="34" count="1000" type="stmt"/>
      <line num="47" count="3" type="stmt"/>
    </file>
  </project>
</coverage>
