<?xml version="1.0" encoding="UTF-8"?>
<coverage generated="1776838910965" clover="3.2.0">
  <project timestamp="1776838910966" name="All files">
    <metrics statements="312" coveredstatements="267" conditionals="169" coveredconditionals="137" methods="59" coveredmethods="55" elements="540" coveredelements="459" complexity="0" loc="312" ncloc="312" packages="1" files="6" classes="6"/>
    <file name="Board.js" path="C:\Users\evann\.vscode\STRATEGO\Jac-Of-All-Trades\server\src\game\Board.js">
      <metrics statements="65" coveredstatements="61" conditionals="48" coveredconditionals="44" methods="10" coveredmethods="10"/>
      <line num="2" count="2" type="stmt"/>
      <line num="6" count="80" type="stmt"/>
      <line num="7" count="80" type="stmt"/>
      <line num="11" count="80" type="stmt"/>
      <line num="13" count="80" type="stmt"/>
      <line num="14" count="800" type="stmt"/>
      <line num="15" count="800" type="stmt"/>
      <line num="16" count="8000" type="cond" truecount="8" falsecount="0"/>
      <line num="17" count="640" type="stmt"/>
      <line num="19" count="7360" type="stmt"/>
      <line num="22" count="800" type="stmt"/>
      <line num="25" count="80" type="stmt"/>
      <line num="29" count="2051" type="cond" truecount="6" falsecount="0"/>
      <line num="30" count="40" type="stmt"/>
      <line num="32" count="2011" type="stmt"/>
      <line num="37" count="22" type="stmt"/>
      <line num="38" count="22" type="stmt"/>
      <line num="39" count="22" type="stmt"/>
      <line num="40" count="22" type="cond" truecount="2" falsecount="0"/>
      <line num="43" count="22" type="stmt"/>
      <line num="44" count="83" type="stmt"/>
      <line num="45" count="83" type="cond" truecount="2" falsecount="0"/>
      <line num="46" count="78" type="stmt"/>
      <line num="47" count="78" type="cond" truecount="2" falsecount="0"/>
      <line num="48" count="3" type="stmt"/>
      <line num="51" count="5" type="stmt"/>
      <line num="56" count="22" type="stmt"/>
      <line num="57" count="22" type="stmt"/>
      <line num="58" count="22" type="cond" truecount="2" falsecount="0"/>
      <line num="59" count="1" type="stmt"/>
      <line num="60" count="1" type="cond" truecount="1" falsecount="1"/>
      <line num="61" count="0" type="stmt"/>
      <line num="64" count="21" type="stmt"/>
      <line num="69" count="22" type="stmt"/>
      <line num="70" count="118" type="stmt"/>
      <line num="71" count="118" type="cond" truecount="1" falsecount="1"/>
      <line num="72" count="118" type="stmt"/>
      <line num="73" count="118" type="cond" truecount="1" falsecount="1"/>
      <line num="74" count="0" type="stmt"/>
      <line num="77" count="0" type="stmt"/>
      <line num="82" count="22" type="stmt"/>
      <line num="83" count="22" type="stmt"/>
      <line num="84" count="22" type="cond" truecount="2" falsecount="0"/>
      <line num="85" count="5" type="stmt"/>
      <line num="86" count="5" type="cond" truecount="1" falsecount="1"/>
      <line num="87" count="0" type="stmt"/>
      <line num="90" count="17" type="stmt"/>
      <line num="94" count="22" type="stmt"/>
      <line num="98" count="250" type="cond" truecount="2" falsecount="0"/>
      <line num="100" count="211" type="cond" truecount="2" falsecount="0"/>
      <line num="102" count="209" type="cond" truecount="2" falsecount="0"/>
      <line num="105" count="9" type="cond" truecount="2" falsecount="0"/>
      <line num="107" count="4" type="stmt"/>
      <line num="111" count="22" type="stmt"/>
      <line num="112" count="22" type="stmt"/>
      <line num="114" count="22" type="cond" truecount="7" falsecount="0"/>
      <line num="115" count="2" type="stmt"/>
      <line num="118" count="20" type="stmt"/>
      <line num="119" count="20" type="stmt"/>
      <line num="121" count="20" type="stmt"/>
      <line num="126" count="16" type="stmt"/>
      <line num="131" count="10" type="stmt"/>
      <line num="132" count="100" type="stmt"/>
      <line num="134" count="1000" type="stmt"/>
      <line num="141" count="2" type="stmt"/>
    </file>
    <file name="Game.js" path="C:\Users\evann\.vscode\STRATEGO\Jac-Of-All-Trades\server\src\game\Game.js">
      <metrics statements="161" coveredstatements="120" conditionals="93" coveredconditionals="65" methods="19" coveredmethods="15"/>
      <line num="1" count="1" type="stmt"/>
      <line num="2" count="1" type="stmt"/>
      <line num="3" count="1" type="stmt"/>
      <line num="4" count="1" type="stmt"/>
      <line num="8" count="48" type="stmt"/>
      <line num="9" count="48" type="stmt"/>
      <line num="10" count="48" type="stmt"/>
      <line num="11" count="48" type="stmt"/>
      <line num="12" count="48" type="stmt"/>
      <line num="13" count="48" type="stmt"/>
      <line num="14" count="48" type="stmt"/>
      <line num="15" count="48" type="stmt"/>
      <line num="16" count="48" type="stmt"/>
      <line num="23" count="0" type="stmt"/>
      <line num="27" count="4" type="cond" truecount="2" falsecount="0"/>
      <line num="28" count="1" type="stmt"/>
      <line num="30" count="3" type="stmt"/>
      <line num="34" count="1" type="cond" truecount="1" falsecount="1"/>
      <line num="35" count="0" type="stmt"/>
      <line num="37" count="1" type="stmt"/>
      <line num="41" count="8" type="cond" truecount="1" falsecount="1"/>
      <line num="42" count="0" type="stmt"/>
      <line num="44" count="8" type="stmt"/>
      <line num="48" count="5" type="cond" truecount="1" falsecount="1"/>
      <line num="49" count="0" type="stmt"/>
      <line num="51" count="5" type="stmt"/>
      <line num="52" count="5" type="cond" truecount="4" falsecount="0"/>
      <line num="53" count="2" type="stmt"/>
      <line num="54" count="2" type="stmt"/>
      <line num="60" count="2" type="stmt"/>
      <line num="61" count="2" type="stmt"/>
      <line num="62" count="8" type="stmt"/>
      <line num="63" count="80" type="stmt"/>
      <line num="64" count="80" type="stmt"/>
      <line num="69" count="2" type="stmt"/>
      <line num="70" count="2" type="stmt"/>
      <line num="71" count="8" type="stmt"/>
      <line num="72" count="80" type="stmt"/>
      <line num="73" count="80" type="stmt"/>
      <line num="79" count="20" type="cond" truecount="1" falsecount="1"/>
      <line num="80" count="0" type="stmt"/>
      <line num="82" count="20" type="stmt"/>
      <line num="83" count="19" type="stmt"/>
      <line num="85" count="19" type="cond" truecount="3" falsecount="1"/>
      <line num="86" count="0" type="stmt"/>
      <line num="88" count="19" type="cond" truecount="2" falsecount="0"/>
      <line num="89" count="1" type="stmt"/>
      <line num="92" count="18" type="cond" truecount="1" falsecount="1"/>
      <line num="93" count="0" type="stmt"/>
      <line num="98" count="18" type="cond" truecount="2" falsecount="0"/>
      <line num="99" count="13" type="stmt"/>
      <line num="101" count="13" type="cond" truecount="4" falsecount="0"/>
      <line num="102" count="9" type="stmt"/>
      <line num="103" count="9" type="stmt"/>
      <line num="104" count="9" type="stmt"/>
      <line num="107" count="5" type="stmt"/>
      <line num="108" count="5" type="stmt"/>
      <line num="110" count="18" type="stmt"/>
      <line num="119" count="18" type="stmt"/>
      <line num="121" count="18" type="stmt"/>
      <line num="124" count="18" type="cond" truecount="4" falsecount="0"/>
      <line num="125" count="5" type="stmt"/>
      <line num="126" count="5" type="cond" truecount="2" falsecount="0"/>
      <line num="127" count="5" type="stmt"/>
      <line num="130" count="18" type="stmt"/>
      <line num="134" count="13" type="stmt"/>
      <line num="135" count="13" type="stmt"/>
      <line num="137" count="13" type="stmt"/>
      <line num="138" count="13" type="cond" truecount="1" falsecount="1"/>
      <line num="141" count="13" type="cond" truecount="2" falsecount="0"/>
      <line num="142" count="2" type="stmt"/>
      <line num="143" count="2" type="stmt"/>
      <line num="144" count="2" type="stmt"/>
      <line num="145" count="2" type="stmt"/>
      <line num="146" count="2" type="stmt"/>
      <line num="147" count="2" type="stmt"/>
      <line num="148" count="2" type="stmt"/>
      <line num="151" count="11" type="cond" truecount="4" falsecount="0"/>
      <line num="153" count="2" type="stmt"/>
      <line num="154" count="2" type="stmt"/>
      <line num="155" count="2" type="stmt"/>
      <line num="156" count="2" type="stmt"/>
      <line num="159" count="9" type="cond" truecount="4" falsecount="0"/>
      <line num="160" count="2" type="stmt"/>
      <line num="161" count="2" type="stmt"/>
      <line num="162" count="2" type="stmt"/>
      <line num="163" count="2" type="stmt"/>
      <line num="166" count="7" type="cond" truecount="2" falsecount="0"/>
      <line num="167" count="3" type="stmt"/>
      <line num="168" count="3" type="stmt"/>
      <line num="169" count="3" type="stmt"/>
      <line num="170" count="3" type="stmt"/>
      <line num="171" count="4" type="cond" truecount="2" falsecount="0"/>
      <line num="172" count="2" type="stmt"/>
      <line num="173" count="2" type="stmt"/>
      <line num="174" count="2" type="stmt"/>
      <line num="177" count="2" type="stmt"/>
      <line num="178" count="2" type="stmt"/>
      <line num="179" count="2" type="stmt"/>
      <line num="180" count="2" type="stmt"/>
      <line num="185" count="21" type="cond" truecount="2" falsecount="0"/>
      <line num="190" count="13" type="stmt"/>
      <line num="201" count="0" type="stmt"/>
      <line num="202" count="0" type="stmt"/>
      <line num="203" count="0" type="stmt"/>
      <line num="204" count="0" type="cond" truecount="0" falsecount="4"/>
      <line num="205" count="0" type="stmt"/>
      <line num="209" count="0" type="stmt"/>
      <line num="214" count="20" type="stmt"/>
      <line num="215" count="155" type="stmt"/>
      <line num="216" count="1509" type="stmt"/>
      <line num="217" count="1509" type="cond" truecount="4" falsecount="0"/>
      <line num="219" count="10" type="cond" truecount="2" falsecount="0"/>
      <line num="221" count="5" type="stmt"/>
      <line num="222" count="5" type="cond" truecount="1" falsecount="1"/>
      <line num="223" count="5" type="stmt"/>
      <line num="229" count="15" type="stmt"/>
      <line num="233" count="4" type="stmt"/>
      <line num="236" count="4" type="cond" truecount="3" falsecount="1"/>
      <line num="237" count="0" type="stmt"/>
      <line num="241" count="4" type="cond" truecount="2" falsecount="0"/>
      <line num="242" count="1" type="stmt"/>
      <line num="246" count="3" type="cond" truecount="2" falsecount="0"/>
      <line num="247" count="1" type="stmt"/>
      <line num="251" count="2" type="stmt"/>
      <line num="257" count="8" type="cond" truecount="1" falsecount="1"/>
      <line num="258" count="0" type="stmt"/>
      <line num="272" count="8" type="stmt"/>
      <line num="273" count="8" type="stmt"/>
      <line num="274" count="80" type="stmt"/>
      <line num="275" count="800" type="cond" truecount="2" falsecount="0"/>
      <line num="280" count="2" type="stmt"/>
      <line num="289" count="798" type="stmt"/>
      <line num="293" count="8" type="stmt"/>
      <line num="310" count="0" type="stmt"/>
      <line num="311" count="0" type="stmt"/>
      <line num="326" count="0" type="stmt"/>
      <line num="327" count="0" type="stmt"/>
      <line num="328" count="0" type="stmt"/>
      <line num="329" count="0" type="stmt"/>
      <line num="330" count="0" type="stmt"/>
      <line num="331" count="0" type="stmt"/>
      <line num="334" count="0" type="cond" truecount="0" falsecount="2"/>
      <line num="335" count="0" type="stmt"/>
      <line num="339" count="0" type="cond" truecount="0" falsecount="2"/>
      <line num="340" count="0" type="stmt"/>
      <line num="341" count="0" type="stmt"/>
      <line num="342" count="0" type="stmt"/>
      <line num="344" count="0" type="cond" truecount="0" falsecount="2"/>
      <line num="345" count="0" type="stmt"/>
      <line num="346" count="0" type="stmt"/>
      <line num="347" count="0" type="stmt"/>
      <line num="351" count="0" type="cond" truecount="0" falsecount="4"/>
      <line num="352" count="0" type="stmt"/>
      <line num="353" count="0" type="stmt"/>
      <line num="354" count="0" type="cond" truecount="0" falsecount="2"/>
      <line num="355" count="0" type="stmt"/>
      <line num="356" count="0" type="cond" truecount="0" falsecount="2"/>
      <line num="357" count="0" type="stmt"/>
      <line num="363" count="0" type="stmt"/>
      <line num="370" count="1" type="stmt"/>
    </file>
    <file name="Move.js" path="C:\Users\evann\.vscode\STRATEGO\Jac-Of-All-Trades\server\src\game\Move.js">
      <metrics statements="10" coveredstatements="10" conditionals="2" coveredconditionals="2" methods="1" coveredmethods="1"/>
      <line num="3" count="20" type="stmt"/>
      <line num="4" count="20" type="stmt"/>
      <line num="5" count="20" type="stmt"/>
      <line num="6" count="20" type="stmt"/>
      <line num="7" count="20" type="stmt"/>
      <line num="8" count="20" type="stmt"/>
      <line num="9" count="20" type="stmt"/>
      <line num="10" count="20" type="stmt"/>
      <line num="11" count="20" type="stmt"/>
      <line num="14" count="2" type="stmt"/>
    </file>
    <file name="Piece.js" path="C:\Users\evann\.vscode\STRATEGO\Jac-Of-All-Trades\server\src\game\Piece.js">
      <metrics statements="14" coveredstatements="14" conditionals="2" coveredconditionals="2" methods="11" coveredmethods="11"/>
      <line num="3" count="252" type="stmt"/>
      <line num="4" count="252" type="stmt"/>
      <line num="5" count="252" type="stmt"/>
      <line num="9" count="35" type="cond" truecount="2" falsecount="0"/>
      <line num="13" count="1" type="stmt"/>
      <line num="17" count="1" type="stmt"/>
      <line num="21" count="1" type="stmt"/>
      <line num="25" count="1" type="stmt"/>
      <line num="29" count="23" type="stmt"/>
      <line num="33" count="27" type="stmt"/>
      <line num="37" count="1" type="stmt"/>
      <line num="41" count="64" type="stmt"/>
      <line num="45" count="114" type="stmt"/>
      <line num="49" count="4" type="stmt"/>
    </file>
    <file name="Player.js" path="C:\Users\evann\.vscode\STRATEGO\Jac-Of-All-Trades\server\src\game\Player.js">
      <metrics statements="49" coveredstatements="49" conditionals="20" coveredconditionals="20" methods="11" coveredmethods="11"/>
      <line num="3" count="138" type="stmt"/>
      <line num="4" count="138" type="stmt"/>
      <line num="5" count="552" type="stmt"/>
      <line num="6" count="138" type="stmt"/>
      <line num="7" count="138" type="stmt"/>
      <line num="11" count="167" type="stmt"/>
      <line num="26" count="167" type="stmt"/>
      <line num="30" count="21" type="stmt"/>
      <line num="34" count="7" type="cond" truecount="2" falsecount="0"/>
      <line num="35" count="1" type="stmt"/>
      <line num="37" count="6" type="stmt"/>
      <line num="41" count="23" type="cond" truecount="2" falsecount="0"/>
      <line num="42" count="22" type="cond" truecount="2" falsecount="0"/>
      <line num="43" count="21" type="cond" truecount="2" falsecount="0"/>
      <line num="44" count="5" type="stmt"/>
      <line num="46" count="16" type="stmt"/>
      <line num="48" count="21" type="stmt"/>
      <line num="49" count="21" type="cond" truecount="2" falsecount="0"/>
      <line num="50" count="3" type="stmt"/>
      <line num="53" count="1" type="stmt"/>
      <line num="56" count="1" type="stmt"/>
      <line num="61" count="9" type="cond" truecount="2" falsecount="0"/>
      <line num="62" count="1" type="stmt"/>
      <line num="65" count="8" type="cond" truecount="4" falsecount="0"/>
      <line num="66" count="2" type="stmt"/>
      <line num="69" count="6" type="stmt"/>
      <line num="70" count="6" type="stmt"/>
      <line num="72" count="6" type="stmt"/>
      <line num="73" count="6" type="cond" truecount="2" falsecount="0"/>
      <line num="75" count="6" type="cond" truecount="2" falsecount="0"/>
      <line num="76" count="1" type="stmt"/>
      <line num="81" count="64" type="stmt"/>
      <line num="82" count="16" type="stmt"/>
      <line num="84" count="16" type="stmt"/>
      <line num="85" count="16" type="stmt"/>
      <line num="86" count="192" type="stmt"/>
      <line num="87" count="640" type="stmt"/>
      <line num="91" count="16" type="stmt"/>
      <line num="92" count="624" type="stmt"/>
      <line num="93" count="624" type="stmt"/>
      <line num="96" count="16" type="stmt"/>
      <line num="97" count="16" type="stmt"/>
      <line num="98" count="64" type="stmt"/>
      <line num="99" count="640" type="stmt"/>
      <line num="103" count="16" type="stmt"/>
      <line num="104" count="16" type="stmt"/>
      <line num="108" count="18" type="stmt"/>
      <line num="112" count="10" type="stmt"/>
      <line num="117" count="2" type="stmt"/>
    </file>
    <file name="Space.js" path="C:\Users\evann\.vscode\STRATEGO\Jac-Of-All-Trades\server\src\game\Space.js">
      <metrics statements="13" coveredstatements="13" conditionals="4" coveredconditionals="4" methods="7" coveredmethods="7"/>
      <line num="3" count="8005" type="stmt"/>
      <line num="4" count="8005" type="stmt"/>
      <line num="5" count="8005" type="stmt"/>
      <line num="6" count="8005" type="stmt"/>
      <line num="10" count="226" type="cond" truecount="2" falsecount="0"/>
      <line num="14" count="257" type="stmt"/>
      <line num="19" count="32" type="stmt"/>
      <line num="20" count="32" type="stmt"/>
      <line num="21" count="32" type="stmt"/>
      <line num="25" count="22" type="stmt"/>
      <line num="29" count="22" type="stmt"/>
      <line num="34" count="1000" type="stmt"/>
      <line num="47" count="3" type="stmt"/>
    </file>
  </project>
</coverage>
