{"C:\\Users\\evann\\.vscode\\STRATEGO\\Jac-Of-All-Trades\\server\\src\\game\\Board.js": {"path":"C:\\Users\\evann\\.vscode\\STRATEGO\\Jac-Of-All-Trades\\server\\src\\game\\Board.js","statementMap":{"0":{"start":{"line":2,"column":14},"end":{"line":2,"column":32}},"1":{"start":{"line":6,"column":4},"end":{"line":6,"column":21}},"2":{"start":{"line":7,"column":4},"end":{"line":7,"column":38}},"3":{"start":{"line":11,"column":17},"end":{"line":11,"column":19}},"4":{"start":{"line":13,"column":4},"end":{"line":23,"column":5}},"5":{"start":{"line":13,"column":19},"end":{"line":13,"column":20}},"6":{"start":{"line":14,"column":25},"end":{"line":14,"column":27}},"7":{"start":{"line":15,"column":6},"end":{"line":21,"column":7}},"8":{"start":{"line":15,"column":21},"end":{"line":15,"column":22}},"9":{"start":{"line":16,"column":8},"end":{"line":20,"column":9}},"10":{"start":{"line":17,"column":10},"end":{"line":17,"column":56}},"11":{"start":{"line":19,"column":10},"end":{"line":19,"column":55}},"12":{"start":{"line":22,"column":6},"end":{"line":22,"column":28}},"13":{"start":{"line":25,"column":4},"end":{"line":25,"column":16}},"14":{"start":{"line":29,"column":4},"end":{"line":31,"column":5}},"15":{"start":{"line":30,"column":6},"end":{"line":30,"column":18}},"16":{"start":{"line":32,"column":4},"end":{"line":32,"column":27}},"17":{"start":{"line":37,"column":25},"end":{"line":37,"column":27}},"18":{"start":{"line":38,"column":19},"end":{"line":38,"column":38}},"19":{"start":{"line":39,"column":19},"end":{"line":39,"column":38}},"20":{"start":{"line":40,"column":19},"end":{"line":40,"column":67}},"21":{"start":{"line":43,"column":4},"end":{"line":53,"column":5}},"22":{"start":{"line":43,"column":16},"end":{"line":43,"column":17}},"23":{"start":{"line":44,"column":26},"end":{"line":44,"column":63}},"24":{"start":{"line":45,"column":6},"end":{"line":52,"column":7}},"25":{"start":{"line":46,"column":8},"end":{"line":46,"column":62}},"26":{"start":{"line":47,"column":8},"end":{"line":49,"column":9}},"27":{"start":{"line":48,"column":10},"end":{"line":48,"column":16}},"28":{"start":{"line":51,"column":8},"end":{"line":51,"column":14}},"29":{"start":{"line":56,"column":4},"end":{"line":66,"column":5}},"30":{"start":{"line":56,"column":16},"end":{"line":56,"column":17}},"31":{"start":{"line":57,"column":26},"end":{"line":57,"column":63}},"32":{"start":{"line":58,"column":6},"end":{"line":65,"column":7}},"33":{"start":{"line":59,"column":8},"end":{"line":59,"column":62}},"34":{"start":{"line":60,"column":8},"end":{"line":62,"column":9}},"35":{"start":{"line":61,"column":10},"end":{"line":61,"column":16}},"36":{"start":{"line":64,"column":8},"end":{"line":64,"column":14}},"37":{"start":{"line":69,"column":4},"end":{"line":79,"column":5}},"38":{"start":{"line":69,"column":16},"end":{"line":69,"column":17}},"39":{"start":{"line":70,"column":26},"end":{"line":70,"column":63}},"40":{"start":{"line":71,"column":6},"end":{"line":78,"column":7}},"41":{"start":{"line":72,"column":8},"end":{"line":72,"column":62}},"42":{"start":{"line":73,"column":8},"end":{"line":75,"column":9}},"43":{"start":{"line":74,"column":10},"end":{"line":74,"column":16}},"44":{"start":{"line":77,"column":8},"end":{"line":77,"column":14}},"45":{"start":{"line":82,"column":4},"end":{"line":92,"column":5}},"46":{"start":{"line":82,"column":16},"end":{"line":82,"column":17}},"47":{"start":{"line":83,"column":26},"end":{"line":83,"column":63}},"48":{"start":{"line":84,"column":6},"end":{"line":91,"column":7}},"49":{"start":{"line":85,"column":8},"end":{"line":85,"column":62}},"50":{"start":{"line":86,"column":8},"end":{"line":88,"column":9}},"51":{"start":{"line":87,"column":10},"end":{"line":87,"column":16}},"52":{"start":{"line":90,"column":8},"end":{"line":90,"column":14}},"53":{"start":{"line":94,"column":4},"end":{"line":94,"column":26}},"54":{"start":{"line":98,"column":4},"end":{"line":98,"column":37}},"55":{"start":{"line":98,"column":24},"end":{"line":98,"column":37}},"56":{"start":{"line":100,"column":4},"end":{"line":100,"column":56}},"57":{"start":{"line":100,"column":43},"end":{"line":100,"column":56}},"58":{"start":{"line":102,"column":4},"end":{"line":102,"column":42}},"59":{"start":{"line":102,"column":30},"end":{"line":102,"column":42}},"60":{"start":{"line":105,"column":4},"end":{"line":105,"column":87}},"61":{"start":{"line":105,"column":74},"end":{"line":105,"column":87}},"62":{"start":{"line":107,"column":4},"end":{"line":107,"column":16}},"63":{"start":{"line":111,"column":22},"end":{"line":111,"column":49}},"64":{"start":{"line":112,"column":20},"end":{"line":112,"column":43}},"65":{"start":{"line":114,"column":4},"end":{"line":116,"column":5}},"66":{"start":{"line":115,"column":6},"end":{"line":115,"column":38}},"67":{"start":{"line":118,"column":21},"end":{"line":118,"column":36}},"68":{"start":{"line":119,"column":21},"end":{"line":119,"column":34}},"69":{"start":{"line":121,"column":4},"end":{"line":121,"column":54}},"70":{"start":{"line":126,"column":4},"end":{"line":126,"column":48}},"71":{"start":{"line":131,"column":4},"end":{"line":136,"column":6}},"72":{"start":{"line":132,"column":6},"end":{"line":135,"column":8}},"73":{"start":{"line":134,"column":8},"end":{"line":134,"column":33}},"74":{"start":{"line":141,"column":0},"end":{"line":141,"column":23}}},"fnMap":{"0":{"name":"(anonymous_0)","decl":{"start":{"line":5,"column":2},"end":{"line":5,"column":3}},"loc":{"start":{"line":5,"column":25},"end":{"line":8,"column":3}},"line":5},"1":{"name":"(anonymous_1)","decl":{"start":{"line":10,"column":2},"end":{"line":10,"column":3}},"loc":{"start":{"line":10,"column":19},"end":{"line":26,"column":3}},"line":10},"2":{"name":"(anonymous_2)","decl":{"start":{"line":28,"column":2},"end":{"line":28,"column":3}},"loc":{"start":{"line":28,"column":17},"end":{"line":33,"column":3}},"line":28},"3":{"name":"(anonymous_3)","decl":{"start":{"line":36,"column":2},"end":{"line":36,"column":3}},"loc":{"start":{"line":36,"column":33},"end":{"line":95,"column":3}},"line":36},"4":{"name":"(anonymous_4)","decl":{"start":{"line":97,"column":2},"end":{"line":97,"column":3}},"loc":{"start":{"line":97,"column":43},"end":{"line":108,"column":3}},"line":97},"5":{"name":"(anonymous_5)","decl":{"start":{"line":110,"column":2},"end":{"line":110,"column":3}},"loc":{"start":{"line":110,"column":39},"end":{"line":122,"column":3}},"line":110},"6":{"name":"(anonymous_6)","decl":{"start":{"line":125,"column":2},"end":{"line":125,"column":3}},"loc":{"start":{"line":125,"column":34},"end":{"line":127,"column":3}},"line":125},"7":{"name":"(anonymous_7)","decl":{"start":{"line":130,"column":2},"end":{"line":130,"column":3}},"loc":{"start":{"line":130,"column":14},"end":{"line":137,"column":3}},"line":130},"8":{"name":"(anonymous_8)","decl":{"start":{"line":131,"column":25},"end":{"line":131,"column":26}},"loc":{"start":{"line":132,"column":6},"end":{"line":135,"column":8}},"line":132},"9":{"name":"(anonymous_9)","decl":{"start":{"line":132,"column":14},"end":{"line":132,"column":15}},"loc":{"start":{"line":132,"column":23},"end":{"line":135,"column":7}},"line":132}},"branchMap":{"0":{"loc":{"start":{"line":5,"column":14},"end":{"line":5,"column":23}},"type":"default-arg","locations":[{"start":{"line":5,"column":21},"end":{"line":5,"column":23}}],"line":5},"1":{"loc":{"start":{"line":16,"column":8},"end":{"line":20,"column":9}},"type":"if","locations":[{"start":{"line":16,"column":8},"end":{"line":20,"column":9}},{"start":{"line":18,"column":15},"end":{"line":20,"column":9}}],"line":16},"2":{"loc":{"start":{"line":16,"column":12},"end":{"line":16,"column":84}},"type":"binary-expr","locations":[{"start":{"line":16,"column":13},"end":{"line":16,"column":21}},{"start":{"line":16,"column":25},"end":{"line":16,"column":33}},{"start":{"line":16,"column":39},"end":{"line":16,"column":47}},{"start":{"line":16,"column":51},"end":{"line":16,"column":59}},{"start":{"line":16,"column":63},"end":{"line":16,"column":71}},{"start":{"line":16,"column":75},"end":{"line":16,"column":83}}],"line":16},"3":{"loc":{"start":{"line":29,"column":4},"end":{"line":31,"column":5}},"type":"if","locations":[{"start":{"line":29,"column":4},"end":{"line":31,"column":5}},{"start":{},"end":{}}],"line":29},"4":{"loc":{"start":{"line":29,"column":8},"end":{"line":29,"column":58}},"type":"binary-expr","locations":[{"start":{"line":29,"column":8},"end":{"line":29,"column":13}},{"start":{"line":29,"column":17},"end":{"line":29,"column":22}},{"start":{"line":29,"column":26},"end":{"line":29,"column":40}},{"start":{"line":29,"column":44},"end":{"line":29,"column":58}}],"line":29},"5":{"loc":{"start":{"line":40,"column":19},"end":{"line":40,"column":67}},"type":"cond-expr","locations":[{"start":{"line":40,"column":50},"end":{"line":40,"column":63}},{"start":{"line":40,"column":66},"end":{"line":40,"column":67}}],"line":40},"6":{"loc":{"start":{"line":45,"column":6},"end":{"line":52,"column":7}},"type":"if","locations":[{"start":{"line":45,"column":6},"end":{"line":52,"column":7}},{"start":{"line":50,"column":13},"end":{"line":52,"column":7}}],"line":45},"7":{"loc":{"start":{"line":47,"column":8},"end":{"line":49,"column":9}},"type":"if","locations":[{"start":{"line":47,"column":8},"end":{"line":49,"column":9}},{"start":{},"end":{}}],"line":47},"8":{"loc":{"start":{"line":58,"column":6},"end":{"line":65,"column":7}},"type":"if","locations":[{"start":{"line":58,"column":6},"end":{"line":65,"column":7}},{"start":{"line":63,"column":13},"end":{"line":65,"column":7}}],"line":58},"9":{"loc":{"start":{"line":60,"column":8},"end":{"line":62,"column":9}},"type":"if","locations":[{"start":{"line":60,"column":8},"end":{"line":62,"column":9}},{"start":{},"end":{}}],"line":60},"10":{"loc":{"start":{"line":71,"column":6},"end":{"line":78,"column":7}},"type":"if","locations":[{"start":{"line":71,"column":6},"end":{"line":78,"column":7}},{"start":{"line":76,"column":13},"end":{"line":78,"column":7}}],"line":71},"11":{"loc":{"start":{"line":73,"column":8},"end":{"line":75,"column":9}},"type":"if","locations":[{"start":{"line":73,"column":8},"end":{"line":75,"column":9}},{"start":{},"end":{}}],"line":73},"12":{"loc":{"start":{"line":84,"column":6},"end":{"line":91,"column":7}},"type":"if","locations":[{"start":{"line":84,"column":6},"end":{"line":91,"column":7}},{"start":{"line":89,"column":13},"end":{"line":91,"column":7}}],"line":84},"13":{"loc":{"start":{"line":86,"column":8},"end":{"line":88,"column":9}},"type":"if","locations":[{"start":{"line":86,"column":8},"end":{"line":88,"column":9}},{"start":{},"end":{}}],"line":86},"14":{"loc":{"start":{"line":98,"column":4},"end":{"line":98,"column":37}},"type":"if","locations":[{"start":{"line":98,"column":4},"end":{"line":98,"column":37}},{"start":{},"end":{}}],"line":98},"15":{"loc":{"start":{"line":100,"column":4},"end":{"line":100,"column":56}},"type":"if","locations":[{"start":{"line":100,"column":4},"end":{"line":100,"column":56}},{"start":{},"end":{}}],"line":100},"16":{"loc":{"start":{"line":102,"column":4},"end":{"line":102,"column":42}},"type":"if","locations":[{"start":{"line":102,"column":4},"end":{"line":102,"column":42}},{"start":{},"end":{}}],"line":102},"17":{"loc":{"start":{"line":105,"column":4},"end":{"line":105,"column":87}},"type":"if","locations":[{"start":{"line":105,"column":4},"end":{"line":105,"column":87}},{"start":{},"end":{}}],"line":105},"18":{"loc":{"start":{"line":114,"column":4},"end":{"line":116,"column":5}},"type":"if","locations":[{"start":{"line":114,"column":4},"end":{"line":116,"column":5}},{"start":{},"end":{}}],"line":114},"19":{"loc":{"start":{"line":114,"column":8},"end":{"line":114,"column":134}},"type":"binary-expr","locations":[{"start":{"line":114,"column":8},"end":{"line":114,"column":18}},{"start":{"line":114,"column":22},"end":{"line":114,"column":30}},{"start":{"line":114,"column":34},"end":{"line":114,"column":50}},{"start":{"line":114,"column":55},"end":{"line":114,"column":75}},{"start":{"line":114,"column":79},"end":{"line":114,"column":133}}],"line":114}},"s":{"0":2,"1":77,"2":77,"3":77,"4":77,"5":77,"6":770,"7":770,"8":770,"9":7700,"10":616,"11":7084,"12":770,"13":77,"14":1401,"15":34,"16":1367,"17":17,"18":17,"19":17,"20":17,"21":17,"22":17,"23":70,"24":70,"25":65,"26":65,"27":3,"28":5,"29":17,"30":17,"31":17,"32":17,"33":1,"34":1,"35":0,"36":16,"37":17,"38":17,"39":105,"40":105,"41":105,"42":105,"43":0,"44":0,"45":17,"46":17,"47":17,"48":17,"49":1,"50":1,"51":0,"52":16,"53":17,"54":214,"55":33,"56":181,"57":2,"58":179,"59":170,"60":9,"61":5,"62":4,"63":21,"64":21,"65":21,"66":2,"67":19,"68":19,"69":19,"70":15,"71":10,"72":100,"73":1000,"74":2},"f":{"0":77,"1":77,"2":1401,"3":17,"4":214,"5":21,"6":15,"7":10,"8":100,"9":1000},"b":{"0":[76],"1":[616,7084],"2":[7700,6930,1540,1386,1232,1078],"3":[34,1367],"4":[1401,1384,1368,1367],"5":[11,6],"6":[65,5],"7":[3,62],"8":[1,16],"9":[0,1],"10":[105,0],"11":[0,105],"12":[1,16],"13":[0,1],"14":[33,181],"15":[2,179],"16":[170,9],"17":[5,4],"18":[2,19],"19":[21,21,21,20,14]},"_coverageSchema":"1a1c01bbd47fc00a2c39e90264f33305004495a9","hash":"db0eb67bee84697761a780d709fd6b38cf517df7"}
,"C:\\Users\\evann\\.vscode\\STRATEGO\\Jac-Of-All-Trades\\server\\src\\game\\Game.js": {"path":"C:\\Users\\evann\\.vscode\\STRATEGO\\Jac-Of-All-Trades\\server\\src\\game\\Game.js","statementMap":{"0":{"start":{"line":1,"column":14},"end":{"line":1,"column":32}},"1":{"start":{"line":2,"column":13},"end":{"line":2,"column":30}},"2":{"start":{"line":3,"column":14},"end":{"line":3,"column":32}},"3":{"start":{"line":4,"column":15},"end":{"line":4,"column":34}},"4":{"start":{"line":8,"column":4},"end":{"line":8,"column":29}},"5":{"start":{"line":9,"column":4},"end":{"line":9,"column":31}},"6":{"start":{"line":10,"column":4},"end":{"line":10,"column":26}},"7":{"start":{"line":11,"column":4},"end":{"line":11,"column":29}},"8":{"start":{"line":12,"column":4},"end":{"line":12,"column":26}},"9":{"start":{"line":13,"column":4},"end":{"line":13,"column":23}},"10":{"start":{"line":14,"column":4},"end":{"line":14,"column":26}},"11":{"start":{"line":15,"column":4},"end":{"line":18,"column":5}},"12":{"start":{"line":22,"column":4},"end":{"line":22,"column":44}},"13":{"start":{"line":26,"column":4},"end":{"line":28,"column":5}},"14":{"start":{"line":27,"column":6},"end":{"line":27,"column":44}},"15":{"start":{"line":29,"column":4},"end":{"line":29,"column":60}},"16":{"start":{"line":33,"column":4},"end":{"line":35,"column":5}},"17":{"start":{"line":34,"column":6},"end":{"line":34,"column":44}},"18":{"start":{"line":36,"column":4},"end":{"line":36,"column":71}},"19":{"start":{"line":40,"column":4},"end":{"line":42,"column":5}},"20":{"start":{"line":41,"column":6},"end":{"line":41,"column":44}},"21":{"start":{"line":43,"column":4},"end":{"line":43,"column":55}},"22":{"start":{"line":47,"column":4},"end":{"line":49,"column":5}},"23":{"start":{"line":48,"column":6},"end":{"line":48,"column":44}},"24":{"start":{"line":50,"column":4},"end":{"line":50,"column":57}},"25":{"start":{"line":51,"column":4},"end":{"line":54,"column":5}},"26":{"start":{"line":52,"column":6},"end":{"line":52,"column":30}},"27":{"start":{"line":53,"column":6},"end":{"line":53,"column":32}},"28":{"start":{"line":59,"column":23},"end":{"line":59,"column":59}},"29":{"start":{"line":60,"column":4},"end":{"line":65,"column":5}},"30":{"start":{"line":60,"column":17},"end":{"line":60,"column":18}},"31":{"start":{"line":61,"column":6},"end":{"line":64,"column":7}},"32":{"start":{"line":61,"column":19},"end":{"line":61,"column":20}},"33":{"start":{"line":62,"column":21},"end":{"line":62,"column":41}},"34":{"start":{"line":63,"column":8},"end":{"line":63,"column":70}},"35":{"start":{"line":68,"column":22},"end":{"line":68,"column":57}},"36":{"start":{"line":69,"column":4},"end":{"line":74,"column":5}},"37":{"start":{"line":69,"column":17},"end":{"line":69,"column":18}},"38":{"start":{"line":70,"column":6},"end":{"line":73,"column":7}},"39":{"start":{"line":70,"column":19},"end":{"line":70,"column":20}},"40":{"start":{"line":71,"column":21},"end":{"line":71,"column":36}},"41":{"start":{"line":72,"column":8},"end":{"line":72,"column":73}},"42":{"start":{"line":78,"column":4},"end":{"line":80,"column":5}},"43":{"start":{"line":79,"column":6},"end":{"line":79,"column":46}},"44":{"start":{"line":81,"column":21},"end":{"line":81,"column":68}},"45":{"start":{"line":82,"column":55},"end":{"line":82,"column":63}},"46":{"start":{"line":84,"column":4},"end":{"line":86,"column":5}},"47":{"start":{"line":85,"column":6},"end":{"line":85,"column":57}},"48":{"start":{"line":87,"column":4},"end":{"line":89,"column":5}},"49":{"start":{"line":88,"column":6},"end":{"line":88,"column":48}},"50":{"start":{"line":91,"column":4},"end":{"line":93,"column":5}},"51":{"start":{"line":92,"column":6},"end":{"line":92,"column":57}},"52":{"start":{"line":97,"column":4},"end":{"line":108,"column":5}},"53":{"start":{"line":98,"column":6},"end":{"line":98,"column":74}},"54":{"start":{"line":100,"column":6},"end":{"line":104,"column":7}},"55":{"start":{"line":101,"column":8},"end":{"line":101,"column":29}},"56":{"start":{"line":102,"column":8},"end":{"line":102,"column":41}},"57":{"start":{"line":103,"column":8},"end":{"line":103,"column":42}},"58":{"start":{"line":106,"column":6},"end":{"line":106,"column":49}},"59":{"start":{"line":107,"column":6},"end":{"line":107,"column":22}},"60":{"start":{"line":109,"column":17},"end":{"line":116,"column":5}},"61":{"start":{"line":118,"column":4},"end":{"line":118,"column":32}},"62":{"start":{"line":120,"column":4},"end":{"line":120,"column":22}},"63":{"start":{"line":122,"column":4},"end":{"line":122,"column":18}},"64":{"start":{"line":126,"column":4},"end":{"line":126,"column":22}},"65":{"start":{"line":127,"column":4},"end":{"line":127,"column":22}},"66":{"start":{"line":130,"column":4},"end":{"line":137,"column":5}},"67":{"start":{"line":131,"column":6},"end":{"line":131,"column":28}},"68":{"start":{"line":132,"column":6},"end":{"line":132,"column":49}},"69":{"start":{"line":133,"column":6},"end":{"line":133,"column":27}},"70":{"start":{"line":134,"column":6},"end":{"line":134,"column":39}},"71":{"start":{"line":135,"column":6},"end":{"line":135,"column":39}},"72":{"start":{"line":136,"column":6},"end":{"line":136,"column":29}},"73":{"start":{"line":139,"column":4},"end":{"line":144,"column":5}},"74":{"start":{"line":141,"column":6},"end":{"line":141,"column":28}},"75":{"start":{"line":142,"column":6},"end":{"line":142,"column":49}},"76":{"start":{"line":143,"column":6},"end":{"line":143,"column":37}},"77":{"start":{"line":146,"column":4},"end":{"line":150,"column":5}},"78":{"start":{"line":147,"column":6},"end":{"line":147,"column":28}},"79":{"start":{"line":148,"column":6},"end":{"line":148,"column":49}},"80":{"start":{"line":149,"column":6},"end":{"line":149,"column":44}},"81":{"start":{"line":152,"column":4},"end":{"line":164,"column":5}},"82":{"start":{"line":153,"column":6},"end":{"line":153,"column":28}},"83":{"start":{"line":154,"column":6},"end":{"line":154,"column":49}},"84":{"start":{"line":155,"column":6},"end":{"line":155,"column":29}},"85":{"start":{"line":156,"column":11},"end":{"line":164,"column":5}},"86":{"start":{"line":157,"column":6},"end":{"line":157,"column":30}},"87":{"start":{"line":158,"column":6},"end":{"line":158,"column":29}},"88":{"start":{"line":161,"column":6},"end":{"line":161,"column":30}},"89":{"start":{"line":162,"column":6},"end":{"line":162,"column":28}},"90":{"start":{"line":163,"column":6},"end":{"line":163,"column":24}},"91":{"start":{"line":168,"column":4},"end":{"line":168,"column":71}},"92":{"start":{"line":172,"column":4},"end":{"line":179,"column":5}},"93":{"start":{"line":172,"column":17},"end":{"line":172,"column":18}},"94":{"start":{"line":173,"column":6},"end":{"line":178,"column":7}},"95":{"start":{"line":173,"column":19},"end":{"line":173,"column":20}},"96":{"start":{"line":174,"column":22},"end":{"line":174,"column":47}},"97":{"start":{"line":175,"column":8},"end":{"line":177,"column":9}},"98":{"start":{"line":176,"column":10},"end":{"line":176,"column":22}},"99":{"start":{"line":180,"column":4},"end":{"line":180,"column":17}},"100":{"start":{"line":184,"column":18},"end":{"line":184,"column":43}},"101":{"start":{"line":187,"column":4},"end":{"line":189,"column":5}},"102":{"start":{"line":188,"column":6},"end":{"line":188,"column":16}},"103":{"start":{"line":192,"column":4},"end":{"line":194,"column":5}},"104":{"start":{"line":193,"column":6},"end":{"line":193,"column":16}},"105":{"start":{"line":197,"column":4},"end":{"line":199,"column":5}},"106":{"start":{"line":198,"column":6},"end":{"line":198,"column":16}},"107":{"start":{"line":202,"column":4},"end":{"line":202,"column":47}},"108":{"start":{"line":207,"column":20},"end":{"line":207,"column":42}},"109":{"start":{"line":209,"column":24},"end":{"line":227,"column":3}},"110":{"start":{"line":210,"column":4},"end":{"line":226,"column":6}},"111":{"start":{"line":211,"column":6},"end":{"line":224,"column":7}},"112":{"start":{"line":216,"column":8},"end":{"line":223,"column":10}},"113":{"start":{"line":225,"column":6},"end":{"line":225,"column":19}},"114":{"start":{"line":229,"column":2},"end":{"line":240,"column":4}},"115":{"start":{"line":249,"column":0},"end":{"line":249,"column":22}}},"fnMap":{"0":{"name":"(anonymous_0)","decl":{"start":{"line":7,"column":2},"end":{"line":7,"column":3}},"loc":{"start":{"line":7,"column":16},"end":{"line":19,"column":3}},"line":7},"1":{"name":"(anonymous_1)","decl":{"start":{"line":21,"column":2},"end":{"line":21,"column":3}},"loc":{"start":{"line":21,"column":32},"end":{"line":23,"column":3}},"line":21},"2":{"name":"(anonymous_2)","decl":{"start":{"line":25,"column":2},"end":{"line":25,"column":3}},"loc":{"start":{"line":25,"column":38},"end":{"line":30,"column":3}},"line":25},"3":{"name":"(anonymous_3)","decl":{"start":{"line":32,"column":2},"end":{"line":32,"column":3}},"loc":{"start":{"line":32,"column":54},"end":{"line":37,"column":3}},"line":32},"4":{"name":"(anonymous_4)","decl":{"start":{"line":39,"column":2},"end":{"line":39,"column":3}},"loc":{"start":{"line":39,"column":37},"end":{"line":44,"column":3}},"line":39},"5":{"name":"(anonymous_5)","decl":{"start":{"line":46,"column":2},"end":{"line":46,"column":3}},"loc":{"start":{"line":46,"column":39},"end":{"line":55,"column":3}},"line":46},"6":{"name":"(anonymous_6)","decl":{"start":{"line":57,"column":2},"end":{"line":57,"column":3}},"loc":{"start":{"line":57,"column":23},"end":{"line":75,"column":3}},"line":57},"7":{"name":"(anonymous_7)","decl":{"start":{"line":77,"column":2},"end":{"line":77,"column":3}},"loc":{"start":{"line":77,"column":35},"end":{"line":123,"column":3}},"line":77},"8":{"name":"(anonymous_8)","decl":{"start":{"line":125,"column":2},"end":{"line":125,"column":3}},"loc":{"start":{"line":125,"column":56},"end":{"line":165,"column":3}},"line":125},"9":{"name":"(anonymous_9)","decl":{"start":{"line":167,"column":2},"end":{"line":167,"column":3}},"loc":{"start":{"line":167,"column":15},"end":{"line":169,"column":3}},"line":167},"10":{"name":"(anonymous_10)","decl":{"start":{"line":171,"column":2},"end":{"line":171,"column":3}},"loc":{"start":{"line":171,"column":29},"end":{"line":181,"column":3}},"line":171},"11":{"name":"(anonymous_11)","decl":{"start":{"line":183,"column":2},"end":{"line":183,"column":3}},"loc":{"start":{"line":183,"column":34},"end":{"line":203,"column":3}},"line":183},"12":{"name":"(anonymous_12)","decl":{"start":{"line":206,"column":2},"end":{"line":206,"column":3}},"loc":{"start":{"line":206,"column":31},"end":{"line":241,"column":1}},"line":206},"13":{"name":"(anonymous_13)","decl":{"start":{"line":209,"column":38},"end":{"line":209,"column":39}},"loc":{"start":{"line":210,"column":4},"end":{"line":226,"column":6}},"line":210},"14":{"name":"(anonymous_14)","decl":{"start":{"line":210,"column":12},"end":{"line":210,"column":13}},"loc":{"start":{"line":210,"column":21},"end":{"line":226,"column":5}},"line":210}},"branchMap":{"0":{"loc":{"start":{"line":26,"column":4},"end":{"line":28,"column":5}},"type":"if","locations":[{"start":{"line":26,"column":4},"end":{"line":28,"column":5}},{"start":{},"end":{}}],"line":26},"1":{"loc":{"start":{"line":33,"column":4},"end":{"line":35,"column":5}},"type":"if","locations":[{"start":{"line":33,"column":4},"end":{"line":35,"column":5}},{"start":{},"end":{}}],"line":33},"2":{"loc":{"start":{"line":40,"column":4},"end":{"line":42,"column":5}},"type":"if","locations":[{"start":{"line":40,"column":4},"end":{"line":42,"column":5}},{"start":{},"end":{}}],"line":40},"3":{"loc":{"start":{"line":47,"column":4},"end":{"line":49,"column":5}},"type":"if","locations":[{"start":{"line":47,"column":4},"end":{"line":49,"column":5}},{"start":{},"end":{}}],"line":47},"4":{"loc":{"start":{"line":51,"column":4},"end":{"line":54,"column":5}},"type":"if","locations":[{"start":{"line":51,"column":4},"end":{"line":54,"column":5}},{"start":{},"end":{}}],"line":51},"5":{"loc":{"start":{"line":51,"column":8},"end":{"line":51,"column":95}},"type":"binary-expr","locations":[{"start":{"line":51,"column":8},"end":{"line":51,"column":49}},{"start":{"line":51,"column":53},"end":{"line":51,"column":95}}],"line":51},"6":{"loc":{"start":{"line":78,"column":4},"end":{"line":80,"column":5}},"type":"if","locations":[{"start":{"line":78,"column":4},"end":{"line":80,"column":5}},{"start":{},"end":{}}],"line":78},"7":{"loc":{"start":{"line":84,"column":4},"end":{"line":86,"column":5}},"type":"if","locations":[{"start":{"line":84,"column":4},"end":{"line":86,"column":5}},{"start":{},"end":{}}],"line":84},"8":{"loc":{"start":{"line":84,"column":8},"end":{"line":84,"column":62}},"type":"binary-expr","locations":[{"start":{"line":84,"column":8},"end":{"line":84,"column":16}},{"start":{"line":84,"column":20},"end":{"line":84,"column":62}}],"line":84},"9":{"loc":{"start":{"line":87,"column":4},"end":{"line":89,"column":5}},"type":"if","locations":[{"start":{"line":87,"column":4},"end":{"line":89,"column":5}},{"start":{},"end":{}}],"line":87},"10":{"loc":{"start":{"line":91,"column":4},"end":{"line":93,"column":5}},"type":"if","locations":[{"start":{"line":91,"column":4},"end":{"line":93,"column":5}},{"start":{},"end":{}}],"line":91},"11":{"loc":{"start":{"line":97,"column":4},"end":{"line":108,"column":5}},"type":"if","locations":[{"start":{"line":97,"column":4},"end":{"line":108,"column":5}},{"start":{"line":105,"column":11},"end":{"line":108,"column":5}}],"line":97},"12":{"loc":{"start":{"line":100,"column":6},"end":{"line":104,"column":7}},"type":"if","locations":[{"start":{"line":100,"column":6},"end":{"line":104,"column":7}},{"start":{},"end":{}}],"line":100},"13":{"loc":{"start":{"line":100,"column":10},"end":{"line":100,"column":68}},"type":"binary-expr","locations":[{"start":{"line":100,"column":10},"end":{"line":100,"column":24}},{"start":{"line":100,"column":28},"end":{"line":100,"column":68}}],"line":100},"14":{"loc":{"start":{"line":130,"column":4},"end":{"line":137,"column":5}},"type":"if","locations":[{"start":{"line":130,"column":4},"end":{"line":137,"column":5}},{"start":{},"end":{}}],"line":130},"15":{"loc":{"start":{"line":139,"column":4},"end":{"line":144,"column":5}},"type":"if","locations":[{"start":{"line":139,"column":4},"end":{"line":144,"column":5}},{"start":{},"end":{}}],"line":139},"16":{"loc":{"start":{"line":139,"column":8},"end":{"line":139,"column":61}},"type":"binary-expr","locations":[{"start":{"line":139,"column":8},"end":{"line":139,"column":33}},{"start":{"line":139,"column":37},"end":{"line":139,"column":61}}],"line":139},"17":{"loc":{"start":{"line":146,"column":4},"end":{"line":150,"column":5}},"type":"if","locations":[{"start":{"line":146,"column":4},"end":{"line":150,"column":5}},{"start":{},"end":{}}],"line":146},"18":{"loc":{"start":{"line":146,"column":8},"end":{"line":146,"column":61}},"type":"binary-expr","locations":[{"start":{"line":146,"column":8},"end":{"line":146,"column":32}},{"start":{"line":146,"column":36},"end":{"line":146,"column":61}}],"line":146},"19":{"loc":{"start":{"line":152,"column":4},"end":{"line":164,"column":5}},"type":"if","locations":[{"start":{"line":152,"column":4},"end":{"line":164,"column":5}},{"start":{"line":156,"column":11},"end":{"line":164,"column":5}}],"line":152},"20":{"loc":{"start":{"line":156,"column":11},"end":{"line":164,"column":5}},"type":"if","locations":[{"start":{"line":156,"column":11},"end":{"line":164,"column":5}},{"start":{"line":159,"column":11},"end":{"line":164,"column":5}}],"line":156},"21":{"loc":{"start":{"line":168,"column":25},"end":{"line":168,"column":70}},"type":"cond-expr","locations":[{"start":{"line":168,"column":56},"end":{"line":168,"column":62}},{"start":{"line":168,"column":65},"end":{"line":168,"column":70}}],"line":168},"22":{"loc":{"start":{"line":175,"column":8},"end":{"line":177,"column":9}},"type":"if","locations":[{"start":{"line":175,"column":8},"end":{"line":177,"column":9}},{"start":{},"end":{}}],"line":175},"23":{"loc":{"start":{"line":175,"column":12},"end":{"line":175,"column":65}},"type":"binary-expr","locations":[{"start":{"line":175,"column":12},"end":{"line":175,"column":23}},{"start":{"line":175,"column":27},"end":{"line":175,"column":65}}],"line":175},"24":{"loc":{"start":{"line":187,"column":4},"end":{"line":189,"column":5}},"type":"if","locations":[{"start":{"line":187,"column":4},"end":{"line":189,"column":5}},{"start":{},"end":{}}],"line":187},"25":{"loc":{"start":{"line":187,"column":8},"end":{"line":187,"column":30}},"type":"binary-expr","locations":[{"start":{"line":187,"column":8},"end":{"line":187,"column":14}},{"start":{"line":187,"column":18},"end":{"line":187,"column":30}}],"line":187},"26":{"loc":{"start":{"line":192,"column":4},"end":{"line":194,"column":5}},"type":"if","locations":[{"start":{"line":192,"column":4},"end":{"line":194,"column":5}},{"start":{},"end":{}}],"line":192},"27":{"loc":{"start":{"line":197,"column":4},"end":{"line":199,"column":5}},"type":"if","locations":[{"start":{"line":197,"column":4},"end":{"line":199,"column":5}},{"start":{},"end":{}}],"line":197},"28":{"loc":{"start":{"line":211,"column":6},"end":{"line":224,"column":7}},"type":"if","locations":[{"start":{"line":211,"column":6},"end":{"line":224,"column":7}},{"start":{},"end":{}}],"line":211},"29":{"loc":{"start":{"line":212,"column":8},"end":{"line":214,"column":29}},"type":"binary-expr","locations":[{"start":{"line":212,"column":8},"end":{"line":212,"column":19}},{"start":{"line":213,"column":8},"end":{"line":213,"column":44}},{"start":{"line":214,"column":8},"end":{"line":214,"column":29}}],"line":212}},"s":{"0":1,"1":1,"2":1,"3":1,"4":45,"5":45,"6":45,"7":45,"8":45,"9":45,"10":45,"11":45,"12":0,"13":4,"14":1,"15":3,"16":1,"17":0,"18":1,"19":8,"20":0,"21":8,"22":5,"23":0,"24":5,"25":5,"26":2,"27":2,"28":2,"29":2,"30":2,"31":8,"32":8,"33":80,"34":80,"35":2,"36":2,"37":2,"38":8,"39":8,"40":80,"41":80,"42":19,"43":0,"44":19,"45":18,"46":18,"47":0,"48":18,"49":1,"50":17,"51":0,"52":17,"53":13,"54":13,"55":9,"56":9,"57":9,"58":4,"59":4,"60":17,"61":17,"62":17,"63":17,"64":13,"65":13,"66":13,"67":2,"68":2,"69":2,"70":2,"71":2,"72":2,"73":11,"74":2,"75":2,"76":2,"77":9,"78":2,"79":2,"80":2,"81":7,"82":3,"83":3,"84":3,"85":4,"86":2,"87":2,"88":2,"89":2,"90":2,"91":19,"92":11,"93":11,"94":92,"95":92,"96":904,"97":904,"98":2,"99":9,"100":4,"101":4,"102":0,"103":4,"104":1,"105":3,"106":1,"107":2,"108":8,"109":8,"110":80,"111":800,"112":2,"113":798,"114":8,"115":1},"f":{"0":45,"1":0,"2":4,"3":1,"4":8,"5":5,"6":2,"7":19,"8":13,"9":19,"10":11,"11":4,"12":8,"13":80,"14":800},"b":{"0":[1,3],"1":[0,1],"2":[0,8],"3":[0,5],"4":[2,3],"5":[5,5],"6":[0,19],"7":[0,18],"8":[18,13],"9":[1,17],"10":[0,17],"11":[13,4],"12":[9,4],"13":[13,11],"14":[2,11],"15":[2,9],"16":[11,2],"17":[2,7],"18":[9,2],"19":[3,4],"20":[2,2],"21":[18,1],"22":[2,902],"23":[904,9],"24":[0,4],"25":[4,4],"26":[1,3],"27":[1,2],"28":[2,798],"29":[800,3,2]},"_coverageSchema":"1a1c01bbd47fc00a2c39e90264f33305004495a9","hash":"036cafa821469232c8ceef93430d72312a2c5e2f"}
,"C:\\Users\\evann\\.vscode\\STRATEGO\\Jac-Of-All-Trades\\server\\src\\game\\Move.js": {"path":"C:\\Users\\evann\\.vscode\\STRATEGO\\Jac-Of-All-Trades\\server\\src\\game\\Move.js","statementMap":{"0":{"start":{"line":3,"column":8},"end":{"line":3,"column":33}},"1":{"start":{"line":4,"column":8},"end":{"line":4,"column":27}},"2":{"start":{"line":5,"column":8},"end":{"line":5,"column":27}},"3":{"start":{"line":6,"column":8},"end":{"line":6,"column":23}},"4":{"start":{"line":7,"column":8},"end":{"line":7,"column":23}},"5":{"start":{"line":8,"column":8},"end":{"line":8,"column":27}},"6":{"start":{"line":9,"column":8},"end":{"line":9,"column":29}},"7":{"start":{"line":10,"column":8},"end":{"line":10,"column":43}},"8":{"start":{"line":11,"column":8},"end":{"line":11,"column":36}},"9":{"start":{"line":14,"column":0},"end":{"line":14,"column":22}}},"fnMap":{"0":{"name":"(anonymous_0)","decl":{"start":{"line":2,"column":4},"end":{"line":2,"column":5}},"loc":{"start":{"line":2,"column":95},"end":{"line":12,"column":5}},"line":2}},"branchMap":{"0":{"loc":{"start":{"line":2,"column":57},"end":{"line":2,"column":71}},"type":"default-arg","locations":[{"start":{"line":2,"column":66},"end":{"line":2,"column":71}}],"line":2},"1":{"loc":{"start":{"line":2,"column":73},"end":{"line":2,"column":93}},"type":"default-arg","locations":[{"start":{"line":2,"column":89},"end":{"line":2,"column":93}}],"line":2}},"s":{"0":19,"1":19,"2":19,"3":19,"4":19,"5":19,"6":19,"7":19,"8":19,"9":2},"f":{"0":19},"b":{"0":[17],"1":[17]},"_coverageSchema":"1a1c01bbd47fc00a2c39e90264f33305004495a9","hash":"81096dba52d20ce462b565c04f4f5f7d0383b972"}
,"C:\\Users\\evann\\.vscode\\STRATEGO\\Jac-Of-All-Trades\\server\\src\\game\\Piece.js": {"path":"C:\\Users\\evann\\.vscode\\STRATEGO\\Jac-Of-All-Trades\\server\\src\\game\\Piece.js","statementMap":{"0":{"start":{"line":3,"column":8},"end":{"line":3,"column":25}},"1":{"start":{"line":4,"column":8},"end":{"line":4,"column":27}},"2":{"start":{"line":5,"column":8},"end":{"line":5,"column":32}},"3":{"start":{"line":9,"column":8},"end":{"line":9,"column":49}},"4":{"start":{"line":13,"column":8},"end":{"line":13,"column":31}},"5":{"start":{"line":17,"column":8},"end":{"line":17,"column":32}},"6":{"start":{"line":21,"column":8},"end":{"line":21,"column":31}},"7":{"start":{"line":25,"column":8},"end":{"line":25,"column":31}},"8":{"start":{"line":29,"column":8},"end":{"line":29,"column":31}},"9":{"start":{"line":33,"column":8},"end":{"line":33,"column":31}},"10":{"start":{"line":37,"column":8},"end":{"line":37,"column":32}},"11":{"start":{"line":41,"column":8},"end":{"line":41,"column":25}},"12":{"start":{"line":45,"column":8},"end":{"line":45,"column":26}},"13":{"start":{"line":49,"column":0},"end":{"line":49,"column":23}}},"fnMap":{"0":{"name":"(anonymous_0)","decl":{"start":{"line":2,"column":4},"end":{"line":2,"column":5}},"loc":{"start":{"line":2,"column":28},"end":{"line":6,"column":5}},"line":2},"1":{"name":"(anonymous_1)","decl":{"start":{"line":8,"column":4},"end":{"line":8,"column":5}},"loc":{"start":{"line":8,"column":13},"end":{"line":10,"column":5}},"line":8},"2":{"name":"(anonymous_2)","decl":{"start":{"line":12,"column":4},"end":{"line":12,"column":5}},"loc":{"start":{"line":12,"column":13},"end":{"line":14,"column":5}},"line":12},"3":{"name":"(anonymous_3)","decl":{"start":{"line":16,"column":4},"end":{"line":16,"column":5}},"loc":{"start":{"line":16,"column":13},"end":{"line":18,"column":5}},"line":16},"4":{"name":"(anonymous_4)","decl":{"start":{"line":20,"column":4},"end":{"line":20,"column":5}},"loc":{"start":{"line":20,"column":14},"end":{"line":22,"column":5}},"line":20},"5":{"name":"(anonymous_5)","decl":{"start":{"line":24,"column":4},"end":{"line":24,"column":5}},"loc":{"start":{"line":24,"column":12},"end":{"line":26,"column":5}},"line":24},"6":{"name":"(anonymous_6)","decl":{"start":{"line":28,"column":4},"end":{"line":28,"column":5}},"loc":{"start":{"line":28,"column":13},"end":{"line":30,"column":5}},"line":28},"7":{"name":"(anonymous_7)","decl":{"start":{"line":32,"column":4},"end":{"line":32,"column":5}},"loc":{"start":{"line":32,"column":13},"end":{"line":34,"column":5}},"line":32},"8":{"name":"(anonymous_8)","decl":{"start":{"line":36,"column":4},"end":{"line":36,"column":5}},"loc":{"start":{"line":36,"column":10},"end":{"line":38,"column":5}},"line":36},"9":{"name":"(anonymous_9)","decl":{"start":{"line":40,"column":4},"end":{"line":40,"column":5}},"loc":{"start":{"line":40,"column":13},"end":{"line":42,"column":5}},"line":40},"10":{"name":"(anonymous_10)","decl":{"start":{"line":44,"column":4},"end":{"line":44,"column":5}},"loc":{"start":{"line":44,"column":14},"end":{"line":46,"column":5}},"line":44}},"branchMap":{"0":{"loc":{"start":{"line":9,"column":16},"end":{"line":9,"column":47}},"type":"binary-expr","locations":[{"start":{"line":9,"column":16},"end":{"line":9,"column":29}},{"start":{"line":9,"column":33},"end":{"line":9,"column":47}}],"line":9}},"s":{"0":245,"1":245,"2":245,"3":24,"4":1,"5":1,"6":1,"7":1,"8":18,"9":27,"10":1,"11":38,"12":100,"13":4},"f":{"0":245,"1":24,"2":1,"3":1,"4":1,"5":1,"6":18,"7":27,"8":1,"9":38,"10":100},"b":{"0":[24,23]},"_coverageSchema":"1a1c01bbd47fc00a2c39e90264f33305004495a9","hash":"52c432b37311548c53c2119c144bbd88cc60fb30"}
,"C:\\Users\\evann\\.vscode\\STRATEGO\\Jac-Of-All-Trades\\server\\src\\game\\Player.js": {"path":"C:\\Users\\evann\\.vscode\\STRATEGO\\Jac-Of-All-Trades\\server\\src\\game\\Player.js","statementMap":{"0":{"start":{"line":3,"column":8},"end":{"line":3,"column":27}},"1":{"start":{"line":4,"column":8},"end":{"line":4,"column":53}},"2":{"start":{"line":5,"column":8},"end":{"line":5,"column":80}},"3":{"start":{"line":5,"column":54},"end":{"line":5,"column":78}},"4":{"start":{"line":6,"column":8},"end":{"line":6,"column":38}},"5":{"start":{"line":7,"column":8},"end":{"line":7,"column":33}},"6":{"start":{"line":11,"column":31},"end":{"line":24,"column":10}},"7":{"start":{"line":26,"column":8},"end":{"line":26,"column":30}},"8":{"start":{"line":30,"column":8},"end":{"line":30,"column":41}},"9":{"start":{"line":34,"column":8},"end":{"line":36,"column":9}},"10":{"start":{"line":35,"column":12},"end":{"line":35,"column":81}},"11":{"start":{"line":37,"column":8},"end":{"line":37,"column":32}},"12":{"start":{"line":41,"column":8},"end":{"line":57,"column":9}},"13":{"start":{"line":42,"column":12},"end":{"line":54,"column":13}},"14":{"start":{"line":43,"column":16},"end":{"line":47,"column":17}},"15":{"start":{"line":44,"column":20},"end":{"line":44,"column":54}},"16":{"start":{"line":46,"column":20},"end":{"line":46,"column":87}},"17":{"start":{"line":48,"column":16},"end":{"line":48,"column":41}},"18":{"start":{"line":49,"column":16},"end":{"line":51,"column":17}},"19":{"start":{"line":50,"column":20},"end":{"line":50,"column":49}},"20":{"start":{"line":53,"column":16},"end":{"line":53,"column":83}},"21":{"start":{"line":56,"column":12},"end":{"line":56,"column":51}},"22":{"start":{"line":61,"column":8},"end":{"line":63,"column":9}},"23":{"start":{"line":62,"column":12},"end":{"line":62,"column":72}},"24":{"start":{"line":65,"column":8},"end":{"line":67,"column":9}},"25":{"start":{"line":66,"column":12},"end":{"line":66,"column":19}},"26":{"start":{"line":69,"column":24},"end":{"line":69,"column":47}},"27":{"start":{"line":70,"column":24},"end":{"line":70,"column":47}},"28":{"start":{"line":72,"column":8},"end":{"line":72,"column":42}},"29":{"start":{"line":73,"column":8},"end":{"line":73,"column":68}},"30":{"start":{"line":75,"column":8},"end":{"line":77,"column":9}},"31":{"start":{"line":76,"column":12},"end":{"line":76,"column":41}},"32":{"start":{"line":81,"column":8},"end":{"line":81,"column":80}},"33":{"start":{"line":81,"column":54},"end":{"line":81,"column":78}},"34":{"start":{"line":82,"column":8},"end":{"line":82,"column":53}},"35":{"start":{"line":84,"column":23},"end":{"line":84,"column":25}},"36":{"start":{"line":85,"column":8},"end":{"line":89,"column":9}},"37":{"start":{"line":86,"column":12},"end":{"line":88,"column":13}},"38":{"start":{"line":86,"column":25},"end":{"line":86,"column":26}},"39":{"start":{"line":87,"column":16},"end":{"line":87,"column":34}},"40":{"start":{"line":91,"column":8},"end":{"line":94,"column":9}},"41":{"start":{"line":91,"column":21},"end":{"line":91,"column":38}},"42":{"start":{"line":92,"column":22},"end":{"line":92,"column":57}},"43":{"start":{"line":93,"column":12},"end":{"line":93,"column":60}},"44":{"start":{"line":96,"column":20},"end":{"line":96,"column":21}},"45":{"start":{"line":97,"column":8},"end":{"line":101,"column":9}},"46":{"start":{"line":97,"column":21},"end":{"line":97,"column":22}},"47":{"start":{"line":98,"column":12},"end":{"line":100,"column":13}},"48":{"start":{"line":98,"column":25},"end":{"line":98,"column":26}},"49":{"start":{"line":99,"column":16},"end":{"line":99,"column":52}},"50":{"start":{"line":103,"column":8},"end":{"line":103,"column":37}},"51":{"start":{"line":104,"column":8},"end":{"line":104,"column":37}},"52":{"start":{"line":108,"column":8},"end":{"line":108,"column":27}},"53":{"start":{"line":112,"column":8},"end":{"line":112,"column":36}},"54":{"start":{"line":117,"column":0},"end":{"line":117,"column":24}}},"fnMap":{"0":{"name":"(anonymous_0)","decl":{"start":{"line":2,"column":4},"end":{"line":2,"column":5}},"loc":{"start":{"line":2,"column":22},"end":{"line":8,"column":5}},"line":2},"1":{"name":"(anonymous_1)","decl":{"start":{"line":5,"column":48},"end":{"line":5,"column":49}},"loc":{"start":{"line":5,"column":54},"end":{"line":5,"column":78}},"line":5},"2":{"name":"(anonymous_2)","decl":{"start":{"line":10,"column":4},"end":{"line":10,"column":5}},"loc":{"start":{"line":10,"column":20},"end":{"line":27,"column":5}},"line":10},"3":{"name":"(anonymous_3)","decl":{"start":{"line":29,"column":4},"end":{"line":29,"column":5}},"loc":{"start":{"line":29,"column":21},"end":{"line":31,"column":5}},"line":29},"4":{"name":"(anonymous_4)","decl":{"start":{"line":33,"column":4},"end":{"line":33,"column":5}},"loc":{"start":{"line":33,"column":23},"end":{"line":38,"column":5}},"line":33},"5":{"name":"(anonymous_5)","decl":{"start":{"line":40,"column":4},"end":{"line":40,"column":5}},"loc":{"start":{"line":40,"column":26},"end":{"line":58,"column":5}},"line":40},"6":{"name":"(anonymous_6)","decl":{"start":{"line":60,"column":4},"end":{"line":60,"column":5}},"loc":{"start":{"line":60,"column":38},"end":{"line":78,"column":5}},"line":60},"7":{"name":"(anonymous_7)","decl":{"start":{"line":80,"column":4},"end":{"line":80,"column":5}},"loc":{"start":{"line":80,"column":21},"end":{"line":105,"column":5}},"line":80},"8":{"name":"(anonymous_8)","decl":{"start":{"line":81,"column":48},"end":{"line":81,"column":49}},"loc":{"start":{"line":81,"column":54},"end":{"line":81,"column":78}},"line":81},"9":{"name":"(anonymous_9)","decl":{"start":{"line":107,"column":4},"end":{"line":107,"column":5}},"loc":{"start":{"line":107,"column":15},"end":{"line":109,"column":5}},"line":107},"10":{"name":"(anonymous_10)","decl":{"start":{"line":111,"column":4},"end":{"line":111,"column":5}},"loc":{"start":{"line":111,"column":24},"end":{"line":113,"column":5}},"line":111}},"branchMap":{"0":{"loc":{"start":{"line":34,"column":8},"end":{"line":36,"column":9}},"type":"if","locations":[{"start":{"line":34,"column":8},"end":{"line":36,"column":9}},{"start":{},"end":{}}],"line":34},"1":{"loc":{"start":{"line":41,"column":8},"end":{"line":57,"column":9}},"type":"if","locations":[{"start":{"line":41,"column":8},"end":{"line":57,"column":9}},{"start":{"line":55,"column":15},"end":{"line":57,"column":9}}],"line":41},"2":{"loc":{"start":{"line":42,"column":12},"end":{"line":54,"column":13}},"type":"if","locations":[{"start":{"line":42,"column":12},"end":{"line":54,"column":13}},{"start":{"line":52,"column":19},"end":{"line":54,"column":13}}],"line":42},"3":{"loc":{"start":{"line":43,"column":16},"end":{"line":47,"column":17}},"type":"if","locations":[{"start":{"line":43,"column":16},"end":{"line":47,"column":17}},{"start":{"line":45,"column":23},"end":{"line":47,"column":17}}],"line":43},"4":{"loc":{"start":{"line":49,"column":16},"end":{"line":51,"column":17}},"type":"if","locations":[{"start":{"line":49,"column":16},"end":{"line":51,"column":17}},{"start":{},"end":{}}],"line":49},"5":{"loc":{"start":{"line":61,"column":8},"end":{"line":63,"column":9}},"type":"if","locations":[{"start":{"line":61,"column":8},"end":{"line":63,"column":9}},{"start":{},"end":{}}],"line":61},"6":{"loc":{"start":{"line":65,"column":8},"end":{"line":67,"column":9}},"type":"if","locations":[{"start":{"line":65,"column":8},"end":{"line":67,"column":9}},{"start":{},"end":{}}],"line":65},"7":{"loc":{"start":{"line":65,"column":12},"end":{"line":65,"column":42}},"type":"binary-expr","locations":[{"start":{"line":65,"column":12},"end":{"line":65,"column":25}},{"start":{"line":65,"column":29},"end":{"line":65,"column":42}}],"line":65},"8":{"loc":{"start":{"line":73,"column":34},"end":{"line":73,"column":67}},"type":"cond-expr","locations":[{"start":{"line":73,"column":53},"end":{"line":73,"column":57}},{"start":{"line":73,"column":60},"end":{"line":73,"column":67}}],"line":73},"9":{"loc":{"start":{"line":75,"column":8},"end":{"line":77,"column":9}},"type":"if","locations":[{"start":{"line":75,"column":8},"end":{"line":77,"column":9}},{"start":{},"end":{}}],"line":75}},"s":{"0":132,"1":132,"2":132,"3":528,"4":132,"5":132,"6":161,"7":161,"8":21,"9":7,"10":1,"11":6,"12":23,"13":22,"14":21,"15":5,"16":16,"17":21,"18":21,"19":3,"20":1,"21":1,"22":9,"23":1,"24":8,"25":2,"26":6,"27":6,"28":6,"29":6,"30":6,"31":1,"32":16,"33":64,"34":16,"35":16,"36":16,"37":192,"38":192,"39":640,"40":16,"41":16,"42":624,"43":624,"44":16,"45":16,"46":16,"47":64,"48":64,"49":640,"50":16,"51":16,"52":18,"53":10,"54":2},"f":{"0":132,"1":528,"2":161,"3":21,"4":7,"5":23,"6":9,"7":16,"8":64,"9":18,"10":10},"b":{"0":[1,6],"1":[22,1],"2":[21,1],"3":[5,16],"4":[3,18],"5":[1,8],"6":[2,6],"7":[8,6],"8":[3,3],"9":[1,5]},"_coverageSchema":"1a1c01bbd47fc00a2c39e90264f33305004495a9","hash":"cbcc229be3d14207f4b22f4358f738a1bc8c63f6"}
,"C:\\Users\\evann\\.vscode\\STRATEGO\\Jac-Of-All-Trades\\server\\src\\game\\Space.js": {"path":"C:\\Users\\evann\\.vscode\\STRATEGO\\Jac-Of-All-Trades\\server\\src\\game\\Space.js","statementMap":{"0":{"start":{"line":3,"column":4},"end":{"line":3,"column":15}},"1":{"start":{"line":4,"column":4},"end":{"line":4,"column":15}},"2":{"start":{"line":5,"column":4},"end":{"line":5,"column":27}},"3":{"start":{"line":6,"column":4},"end":{"line":6,"column":22}},"4":{"start":{"line":10,"column":4},"end":{"line":10,"column":56}},"5":{"start":{"line":14,"column":4},"end":{"line":14,"column":23}},"6":{"start":{"line":19,"column":25},"end":{"line":19,"column":35}},"7":{"start":{"line":20,"column":4},"end":{"line":20,"column":22}},"8":{"start":{"line":21,"column":4},"end":{"line":21,"column":24}},"9":{"start":{"line":25,"column":4},"end":{"line":25,"column":18}},"10":{"start":{"line":29,"column":4},"end":{"line":29,"column":18}},"11":{"start":{"line":34,"column":4},"end":{"line":43,"column":6}},"12":{"start":{"line":47,"column":0},"end":{"line":47,"column":23}}},"fnMap":{"0":{"name":"(anonymous_0)","decl":{"start":{"line":2,"column":2},"end":{"line":2,"column":3}},"loc":{"start":{"line":2,"column":29},"end":{"line":7,"column":3}},"line":2},"1":{"name":"(anonymous_1)","decl":{"start":{"line":9,"column":2},"end":{"line":9,"column":3}},"loc":{"start":{"line":9,"column":15},"end":{"line":11,"column":3}},"line":9},"2":{"name":"(anonymous_2)","decl":{"start":{"line":13,"column":2},"end":{"line":13,"column":3}},"loc":{"start":{"line":13,"column":20},"end":{"line":15,"column":3}},"line":13},"3":{"name":"(anonymous_3)","decl":{"start":{"line":17,"column":2},"end":{"line":17,"column":3}},"loc":{"start":{"line":17,"column":16},"end":{"line":22,"column":3}},"line":17},"4":{"name":"(anonymous_4)","decl":{"start":{"line":24,"column":2},"end":{"line":24,"column":3}},"loc":{"start":{"line":24,"column":8},"end":{"line":26,"column":3}},"line":24},"5":{"name":"(anonymous_5)","decl":{"start":{"line":28,"column":2},"end":{"line":28,"column":3}},"loc":{"start":{"line":28,"column":8},"end":{"line":30,"column":3}},"line":28},"6":{"name":"(anonymous_6)","decl":{"start":{"line":33,"column":2},"end":{"line":33,"column":3}},"loc":{"start":{"line":33,"column":14},"end":{"line":44,"column":3}},"line":33}},"branchMap":{"0":{"loc":{"start":{"line":10,"column":11},"end":{"line":10,"column":55}},"type":"binary-expr","locations":[{"start":{"line":10,"column":11},"end":{"line":10,"column":29}},{"start":{"line":10,"column":33},"end":{"line":10,"column":55}}],"line":10},"1":{"loc":{"start":{"line":38,"column":13},"end":{"line":42,"column":14}},"type":"cond-expr","locations":[{"start":{"line":38,"column":26},"end":{"line":42,"column":7}},{"start":{"line":42,"column":10},"end":{"line":42,"column":14}}],"line":38}},"s":{"0":7705,"1":7705,"2":7705,"3":7705,"4":195,"5":249,"6":31,"7":31,"8":31,"9":17,"10":17,"11":1000,"12":3},"f":{"0":7705,"1":195,"2":249,"3":31,"4":17,"5":17,"6":1000},"b":{"0":[195,177],"1":[3,997]},"_coverageSchema":"1a1c01bbd47fc00a2c39e90264f33305004495a9","hash":"c1222c7ce223f78c38cd5e2e75e3271520411ff7"}
}
