{"C:\\Users\\evann\\.vscode\\STRATEGO\\Jac-Of-All-Trades\\server\\src\\game\\Board.js": {"path":"C:\\Users\\evann\\.vscode\\STRATEGO\\Jac-Of-All-Trades\\server\\src\\game\\Board.js","statementMap":{"0":{"start":{"line":2,"column":14},"end":{"line":2,"column":32}},"1":{"start":{"line":6,"column":4},"end":{"line":6,"column":21}},"2":{"start":{"line":7,"column":4},"end":{"line":7,"column":38}},"3":{"start":{"line":11,"column":17},"end":{"line":11,"column":19}},"4":{"start":{"line":13,"column":4},"end":{"line":23,"column":5}},"5":{"start":{"line":13,"column":19},"end":{"line":13,"column":20}},"6":{"start":{"line":14,"column":25},"end":{"line":14,"column":27}},"7":{"start":{"line":15,"column":6},"end":{"line":21,"column":7}},"8":{"start":{"line":15,"column":21},"end":{"line":15,"column":22}},"9":{"start":{"line":16,"column":8},"end":{"line":20,"column":9}},"10":{"start":{"line":17,"column":10},"end":{"line":17,"column":56}},"11":{"start":{"line":19,"column":10},"end":{"line":19,"column":55}},"12":{"start":{"line":22,"column":6},"end":{"line":22,"column":28}},"13":{"start":{"line":25,"column":4},"end":{"line":25,"column":16}},"14":{"start":{"line":29,"column":4},"end":{"line":31,"column":5}},"15":{"start":{"line":30,"column":6},"end":{"line":30,"column":18}},"16":{"start":{"line":32,"column":4},"end":{"line":32,"column":27}},"17":{"start":{"line":37,"column":25},"end":{"line":37,"column":27}},"18":{"start":{"line":38,"column":19},"end":{"line":38,"column":38}},"19":{"start":{"line":39,"column":19},"end":{"line":39,"column":38}},"20":{"start":{"line":40,"column":19},"end":{"line":40,"column":67}},"21":{"start":{"line":43,"column":4},"end":{"line":53,"column":5}},"22":{"start":{"line":43,"column":16},"end":{"line":43,"column":17}},"23":{"start":{"line":44,"column":26},"end":{"line":44,"column":63}},"24":{"start":{"line":45,"column":6},"end":{"line":52,"column":7}},"25":{"start":{"line":46,"column":8},"end":{"line":46,"column":62}},"26":{"start":{"line":47,"column":8},"end":{"line":49,"column":9}},"27":{"start":{"line":48,"column":10},"end":{"line":48,"column":16}},"28":{"start":{"line":51,"column":8},"end":{"line":51,"column":14}},"29":{"start":{"line":56,"column":4},"end":{"line":66,"column":5}},"30":{"start":{"line":56,"column":16},"end":{"line":56,"column":17}},"31":{"start":{"line":57,"column":26},"end":{"line":57,"column":63}},"32":{"start":{"line":58,"column":6},"end":{"line":65,"column":7}},"33":{"start":{"line":59,"column":8},"end":{"line":59,"column":62}},"34":{"start":{"line":60,"column":8},"end":{"line":62,"column":9}},"35":{"start":{"line":61,"column":10},"end":{"line":61,"column":16}},"36":{"start":{"line":64,"column":8},"end":{"line":64,"column":14}},"37":{"start":{"line":69,"column":4},"end":{"line":79,"column":5}},"38":{"start":{"line":69,"column":16},"end":{"line":69,"column":17}},"39":{"start":{"line":70,"column":26},"end":{"line":70,"column":63}},"40":{"start":{"line":71,"column":6},"end":{"line":78,"column":7}},"41":{"start":{"line":72,"column":8},"end":{"line":72,"column":62}},"42":{"start":{"line":73,"column":8},"end":{"line":75,"column":9}},"43":{"start":{"line":74,"column":10},"end":{"line":74,"column":16}},"44":{"start":{"line":77,"column":8},"end":{"line":77,"column":14}},"45":{"start":{"line":82,"column":4},"end":{"line":92,"column":5}},"46":{"start":{"line":82,"column":16},"end":{"line":82,"column":17}},"47":{"start":{"line":83,"column":26},"end":{"line":83,"column":63}},"48":{"start":{"line":84,"column":6},"end":{"line":91,"column":7}},"49":{"start":{"line":85,"column":8},"end":{"line":85,"column":62}},"50":{"start":{"line":86,"column":8},"end":{"line":88,"column":9}},"51":{"start":{"line":87,"column":10},"end":{"line":87,"column":16}},"52":{"start":{"line":90,"column":8},"end":{"line":90,"column":14}},"53":{"start":{"line":94,"column":4},"end":{"line":94,"column":26}},"54":{"start":{"line":98,"column":4},"end":{"line":98,"column":37}},"55":{"start":{"line":98,"column":24},"end":{"line":98,"column":37}},"56":{"start":{"line":100,"column":4},"end":{"line":100,"column":56}},"57":{"start":{"line":100,"column":43},"end":{"line":100,"column":56}},"58":{"start":{"line":102,"column":4},"end":{"line":102,"column":42}},"59":{"start":{"line":102,"column":30},"end":{"line":102,"column":42}},"60":{"start":{"line":105,"column":4},"end":{"line":105,"column":87}},"61":{"start":{"line":105,"column":74},"end":{"line":105,"column":87}},"62":{"start":{"line":107,"column":4},"end":{"line":107,"column":16}},"63":{"start":{"line":111,"column":22},"end":{"line":111,"column":49}},"64":{"start":{"line":112,"column":20},"end":{"line":112,"column":43}},"65":{"start":{"line":114,"column":4},"end":{"line":116,"column":5}},"66":{"start":{"line":115,"column":6},"end":{"line":115,"column":38}},"67":{"start":{"line":118,"column":21},"end":{"line":118,"column":36}},"68":{"start":{"line":119,"column":21},"end":{"line":119,"column":34}},"69":{"start":{"line":121,"column":4},"end":{"line":121,"column":54}},"70":{"start":{"line":126,"column":4},"end":{"line":126,"column":48}},"71":{"start":{"line":131,"column":4},"end":{"line":136,"column":6}},"72":{"start":{"line":132,"column":6},"end":{"line":135,"column":8}},"73":{"start":{"line":134,"column":8},"end":{"line":134,"column":33}},"74":{"start":{"line":141,"column":0},"end":{"line":141,"column":23}}},"fnMap":{"0":{"name":"(anonymous_0)","decl":{"start":{"line":5,"column":2},"end":{"line":5,"column":3}},"loc":{"start":{"line":5,"column":25},"end":{"line":8,"column":3}},"line":5},"1":{"name":"(anonymous_1)","decl":{"start":{"line":10,"column":2},"end":{"line":10,"column":3}},"loc":{"start":{"line":10,"column":19},"end":{"line":26,"column":3}},"line":10},"2":{"name":"(anonymous_2)","decl":{"start":{"line":28,"column":2},"end":{"line":28,"column":3}},"loc":{"start":{"line":28,"column":17},"end":{"line":33,"column":3}},"line":28},"3":{"name":"(anonymous_3)","decl":{"start":{"line":36,"column":2},"end":{"line":36,"column":3}},"loc":{"start":{"line":36,"column":33},"end":{"line":95,"column":3}},"line":36},"4":{"name":"(anonymous_4)","decl":{"start":{"line":97,"column":2},"end":{"line":97,"column":3}},"loc":{"start":{"line":97,"column":43},"end":{"line":108,"column":3}},"line":97},"5":{"name":"(anonymous_5)","decl":{"start":{"line":110,"column":2},"end":{"line":110,"column":3}},"loc":{"start":{"line":110,"column":39},"end":{"line":122,"column":3}},"line":110},"6":{"name":"(anonymous_6)","decl":{"start":{"line":125,"column":2},"end":{"line":125,"column":3}},"loc":{"start":{"line":125,"column":34},"end":{"line":127,"column":3}},"line":125},"7":{"name":"(anonymous_7)","decl":{"start":{"line":130,"column":2},"end":{"line":130,"column":3}},"loc":{"start":{"line":130,"column":14},"end":{"line":137,"column":3}},"line":130},"8":{"name":"(anonymous_8)","decl":{"start":{"line":131,"column":25},"end":{"line":131,"column":26}},"loc":{"start":{"line":132,"column":6},"end":{"line":135,"column":8}},"line":132},"9":{"name":"(anonymous_9)","decl":{"start":{"line":132,"column":14},"end":{"line":132,"column":15}},"loc":{"start":{"line":132,"column":23},"end":{"line":135,"column":7}},"line":132}},"branchMap":{"0":{"loc":{"start":{"line":5,"column":14},"end":{"line":5,"column":23}},"type":"default-arg","locations":[{"start":{"line":5,"column":21},"end":{"line":5,"column":23}}],"line":5},"1":{"loc":{"start":{"line":16,"column":8},"end":{"line":20,"column":9}},"type":"if","locations":[{"start":{"line":16,"column":8},"end":{"line":20,"column":9}},{"start":{"line":18,"column":15},"end":{"line":20,"column":9}}],"line":16},"2":{"loc":{"start":{"line":16,"column":12},"end":{"line":16,"column":84}},"type":"binary-expr","locations":[{"start":{"line":16,"column":13},"end":{"line":16,"column":21}},{"start":{"line":16,"column":25},"end":{"line":16,"column":33}},{"start":{"line":16,"column":39},"end":{"line":16,"column":47}},{"start":{"line":16,"column":51},"end":{"line":16,"column":59}},{"start":{"line":16,"column":63},"end":{"line":16,"column":71}},{"start":{"line":16,"column":75},"end":{"line":16,"column":83}}],"line":16},"3":{"loc":{"start":{"line":29,"column":4},"end":{"line":31,"column":5}},"type":"if","locations":[{"start":{"line":29,"column":4},"end":{"line":31,"column":5}},{"start":{},"end":{}}],"line":29},"4":{"loc":{"start":{"line":29,"column":8},"end":{"line":29,"column":58}},"type":"binary-expr","locations":[{"start":{"line":29,"column":8},"end":{"line":29,"column":13}},{"start":{"line":29,"column":17},"end":{"line":29,"column":22}},{"start":{"line":29,"column":26},"end":{"line":29,"column":40}},{"start":{"line":29,"column":44},"end":{"line":29,"column":58}}],"line":29},"5":{"loc":{"start":{"line":40,"column":19},"end":{"line":40,"column":67}},"type":"cond-expr","locations":[{"start":{"line":40,"column":50},"end":{"line":40,"column":63}},{"start":{"line":40,"column":66},"end":{"line":40,"column":67}}],"line":40},"6":{"loc":{"start":{"line":45,"column":6},"end":{"line":52,"column":7}},"type":"if","locations":[{"start":{"line":45,"column":6},"end":{"line":52,"column":7}},{"start":{"line":50,"column":13},"end":{"line":52,"column":7}}],"line":45},"7":{"loc":{"start":{"line":47,"column":8},"end":{"line":49,"column":9}},"type":"if","locations":[{"start":{"line":47,"column":8},"end":{"line":49,"column":9}},{"start":{},"end":{}}],"line":47},"8":{"loc":{"start":{"line":58,"column":6},"end":{"line":65,"column":7}},"type":"if","locations":[{"start":{"line":58,"column":6},"end":{"line":65,"column":7}},{"start":{"line":63,"column":13},"end":{"line":65,"column":7}}],"line":58},"9":{"loc":{"start":{"line":60,"column":8},"end":{"line":62,"column":9}},"type":"if","locations":[{"start":{"line":60,"column":8},"end":{"line":62,"column":9}},{"start":{},"end":{}}],"line":60},"10":{"loc":{"start":{"line":71,"column":6},"end":{"line":78,"column":7}},"type":"if","locations":[{"start":{"line":71,"column":6},"end":{"line":78,"column":7}},{"start":{"line":76,"column":13},"end":{"line":78,"column":7}}],"line":71},"11":{"loc":{"start":{"line":73,"column":8},"end":{"line":75,"column":9}},"type":"if","locations":[{"start":{"line":73,"column":8},"end":{"line":75,"column":9}},{"start":{},"end":{}}],"line":73},"12":{"loc":{"start":{"line":84,"column":6},"end":{"line":91,"column":7}},"type":"if","locations":[{"start":{"line":84,"column":6},"end":{"line":91,"column":7}},{"start":{"line":89,"column":13},"end":{"line":91,"column":7}}],"line":84},"13":{"loc":{"start":{"line":86,"column":8},"end":{"line":88,"column":9}},"type":"if","locations":[{"start":{"line":86,"column":8},"end":{"line":88,"column":9}},{"start":{},"end":{}}],"line":86},"14":{"loc":{"start":{"line":98,"column":4},"end":{"line":98,"column":37}},"type":"if","locations":[{"start":{"line":98,"column":4},"end":{"line":98,"column":37}},{"start":{},"end":{}}],"line":98},"15":{"loc":{"start":{"line":100,"column":4},"end":{"line":100,"column":56}},"type":"if","locations":[{"start":{"line":100,"column":4},"end":{"line":100,"column":56}},{"start":{},"end":{}}],"line":100},"16":{"loc":{"start":{"line":102,"column":4},"end":{"line":102,"column":42}},"type":"if","locations":[{"start":{"line":102,"column":4},"end":{"line":102,"column":42}},{"start":{},"end":{}}],"line":102},"17":{"loc":{"start":{"line":105,"column":4},"end":{"line":105,"column":87}},"type":"if","locations":[{"start":{"line":105,"column":4},"end":{"line":105,"column":87}},{"start":{},"end":{}}],"line":105},"18":{"loc":{"start":{"line":114,"column":4},"end":{"line":116,"column":5}},"type":"if","locations":[{"start":{"line":114,"column":4},"end":{"line":116,"column":5}},{"start":{},"end":{}}],"line":114},"19":{"loc":{"start":{"line":114,"column":8},"end":{"line":114,"column":134}},"type":"binary-expr","locations":[{"start":{"line":114,"column":8},"end":{"line":114,"column":18}},{"start":{"line":114,"column":22},"end":{"line":114,"column":30}},{"start":{"line":114,"column":34},"end":{"line":114,"column":50}},{"start":{"line":114,"column":55},"end":{"line":114,"column":75}},{"start":{"line":114,"column":79},"end":{"line":114,"column":133}}],"line":114}},"s":{"0":2,"1":80,"2":80,"3":80,"4":80,"5":80,"6":800,"7":800,"8":800,"9":8000,"10":640,"11":7360,"12":800,"13":80,"14":2051,"15":40,"16":2011,"17":22,"18":22,"19":22,"20":22,"21":22,"22":22,"23":83,"24":83,"25":78,"26":78,"27":3,"28":5,"29":22,"30":22,"31":22,"32":22,"33":1,"34":1,"35":0,"36":21,"37":22,"38":22,"39":118,"40":118,"41":118,"42":118,"43":0,"44":0,"45":22,"46":22,"47":22,"48":22,"49":5,"50":5,"51":0,"52":17,"53":22,"54":250,"55":39,"56":211,"57":2,"58":209,"59":200,"60":9,"61":5,"62":4,"63":22,"64":22,"65":22,"66":2,"67":20,"68":20,"69":20,"70":16,"71":10,"72":100,"73":1000,"74":2},"f":{"0":80,"1":80,"2":2051,"3":22,"4":250,"5":22,"6":16,"7":10,"8":100,"9":1000},"b":{"0":[79],"1":[640,7360],"2":[8000,7200,1600,1440,1280,1120],"3":[40,2011],"4":[2051,2029,2012,2011],"5":[12,10],"6":[78,5],"7":[3,75],"8":[1,21],"9":[0,1],"10":[118,0],"11":[0,118],"12":[5,17],"13":[0,5],"14":[39,211],"15":[2,209],"16":[200,9],"17":[5,4],"18":[2,20],"19":[22,22,22,21,14]},"_coverageSchema":"1a1c01bbd47fc00a2c39e90264f33305004495a9","hash":"db0eb67bee84697761a780d709fd6b38cf517df7"}
,"C:\\Users\\evann\\.vscode\\STRATEGO\\Jac-Of-All-Trades\\server\\src\\game\\Game.js": {"path":"C:\\Users\\evann\\.vscode\\STRATEGO\\Jac-Of-All-Trades\\server\\src\\game\\Game.js","statementMap":{"0":{"start":{"line":1,"column":14},"end":{"line":1,"column":32}},"1":{"start":{"line":2,"column":13},"end":{"line":2,"column":30}},"2":{"start":{"line":3,"column":14},"end":{"line":3,"column":32}},"3":{"start":{"line":4,"column":15},"end":{"line":4,"column":34}},"4":{"start":{"line":8,"column":4},"end":{"line":8,"column":29}},"5":{"start":{"line":9,"column":4},"end":{"line":9,"column":31}},"6":{"start":{"line":10,"column":4},"end":{"line":10,"column":26}},"7":{"start":{"line":11,"column":4},"end":{"line":11,"column":24}},"8":{"start":{"line":12,"column":4},"end":{"line":12,"column":31}},"9":{"start":{"line":13,"column":4},"end":{"line":13,"column":26}},"10":{"start":{"line":14,"column":4},"end":{"line":14,"column":23}},"11":{"start":{"line":15,"column":4},"end":{"line":15,"column":26}},"12":{"start":{"line":16,"column":4},"end":{"line":19,"column":5}},"13":{"start":{"line":23,"column":4},"end":{"line":23,"column":44}},"14":{"start":{"line":27,"column":4},"end":{"line":29,"column":5}},"15":{"start":{"line":28,"column":6},"end":{"line":28,"column":44}},"16":{"start":{"line":30,"column":4},"end":{"line":30,"column":60}},"17":{"start":{"line":34,"column":4},"end":{"line":36,"column":5}},"18":{"start":{"line":35,"column":6},"end":{"line":35,"column":44}},"19":{"start":{"line":37,"column":4},"end":{"line":37,"column":71}},"20":{"start":{"line":41,"column":4},"end":{"line":43,"column":5}},"21":{"start":{"line":42,"column":6},"end":{"line":42,"column":44}},"22":{"start":{"line":44,"column":4},"end":{"line":44,"column":55}},"23":{"start":{"line":48,"column":4},"end":{"line":50,"column":5}},"24":{"start":{"line":49,"column":6},"end":{"line":49,"column":44}},"25":{"start":{"line":51,"column":4},"end":{"line":51,"column":57}},"26":{"start":{"line":52,"column":4},"end":{"line":55,"column":5}},"27":{"start":{"line":53,"column":6},"end":{"line":53,"column":30}},"28":{"start":{"line":54,"column":6},"end":{"line":54,"column":32}},"29":{"start":{"line":60,"column":23},"end":{"line":60,"column":59}},"30":{"start":{"line":61,"column":4},"end":{"line":66,"column":5}},"31":{"start":{"line":61,"column":17},"end":{"line":61,"column":18}},"32":{"start":{"line":62,"column":6},"end":{"line":65,"column":7}},"33":{"start":{"line":62,"column":19},"end":{"line":62,"column":20}},"34":{"start":{"line":63,"column":21},"end":{"line":63,"column":41}},"35":{"start":{"line":64,"column":8},"end":{"line":64,"column":70}},"36":{"start":{"line":69,"column":22},"end":{"line":69,"column":57}},"37":{"start":{"line":70,"column":4},"end":{"line":75,"column":5}},"38":{"start":{"line":70,"column":17},"end":{"line":70,"column":18}},"39":{"start":{"line":71,"column":6},"end":{"line":74,"column":7}},"40":{"start":{"line":71,"column":19},"end":{"line":71,"column":20}},"41":{"start":{"line":72,"column":21},"end":{"line":72,"column":36}},"42":{"start":{"line":73,"column":8},"end":{"line":73,"column":73}},"43":{"start":{"line":79,"column":4},"end":{"line":81,"column":5}},"44":{"start":{"line":80,"column":6},"end":{"line":80,"column":46}},"45":{"start":{"line":82,"column":21},"end":{"line":82,"column":68}},"46":{"start":{"line":83,"column":55},"end":{"line":83,"column":63}},"47":{"start":{"line":85,"column":4},"end":{"line":87,"column":5}},"48":{"start":{"line":86,"column":6},"end":{"line":86,"column":57}},"49":{"start":{"line":88,"column":4},"end":{"line":90,"column":5}},"50":{"start":{"line":89,"column":6},"end":{"line":89,"column":48}},"51":{"start":{"line":92,"column":4},"end":{"line":94,"column":5}},"52":{"start":{"line":93,"column":6},"end":{"line":93,"column":57}},"53":{"start":{"line":98,"column":4},"end":{"line":109,"column":5}},"54":{"start":{"line":99,"column":6},"end":{"line":99,"column":74}},"55":{"start":{"line":101,"column":6},"end":{"line":105,"column":7}},"56":{"start":{"line":102,"column":8},"end":{"line":102,"column":29}},"57":{"start":{"line":103,"column":8},"end":{"line":103,"column":41}},"58":{"start":{"line":104,"column":8},"end":{"line":104,"column":46}},"59":{"start":{"line":107,"column":6},"end":{"line":107,"column":49}},"60":{"start":{"line":108,"column":6},"end":{"line":108,"column":22}},"61":{"start":{"line":110,"column":17},"end":{"line":117,"column":5}},"62":{"start":{"line":119,"column":4},"end":{"line":119,"column":32}},"63":{"start":{"line":121,"column":4},"end":{"line":121,"column":22}},"64":{"start":{"line":124,"column":4},"end":{"line":128,"column":5}},"65":{"start":{"line":125,"column":6},"end":{"line":125,"column":27}},"66":{"start":{"line":126,"column":6},"end":{"line":126,"column":66}},"67":{"start":{"line":127,"column":6},"end":{"line":127,"column":44}},"68":{"start":{"line":130,"column":4},"end":{"line":130,"column":18}},"69":{"start":{"line":134,"column":4},"end":{"line":134,"column":22}},"70":{"start":{"line":135,"column":4},"end":{"line":135,"column":22}},"71":{"start":{"line":137,"column":26},"end":{"line":137,"column":44}},"72":{"start":{"line":138,"column":26},"end":{"line":138,"column":66}},"73":{"start":{"line":141,"column":4},"end":{"line":149,"column":5}},"74":{"start":{"line":142,"column":6},"end":{"line":142,"column":28}},"75":{"start":{"line":143,"column":6},"end":{"line":143,"column":49}},"76":{"start":{"line":144,"column":6},"end":{"line":144,"column":111}},"77":{"start":{"line":145,"column":6},"end":{"line":145,"column":27}},"78":{"start":{"line":146,"column":6},"end":{"line":146,"column":39}},"79":{"start":{"line":147,"column":6},"end":{"line":147,"column":39}},"80":{"start":{"line":148,"column":6},"end":{"line":148,"column":29}},"81":{"start":{"line":151,"column":4},"end":{"line":157,"column":5}},"82":{"start":{"line":153,"column":6},"end":{"line":153,"column":28}},"83":{"start":{"line":154,"column":6},"end":{"line":154,"column":49}},"84":{"start":{"line":155,"column":6},"end":{"line":155,"column":119}},"85":{"start":{"line":156,"column":6},"end":{"line":156,"column":37}},"86":{"start":{"line":159,"column":4},"end":{"line":164,"column":5}},"87":{"start":{"line":160,"column":6},"end":{"line":160,"column":28}},"88":{"start":{"line":161,"column":6},"end":{"line":161,"column":49}},"89":{"start":{"line":162,"column":6},"end":{"line":162,"column":126}},"90":{"start":{"line":163,"column":6},"end":{"line":163,"column":44}},"91":{"start":{"line":166,"column":4},"end":{"line":181,"column":5}},"92":{"start":{"line":167,"column":6},"end":{"line":167,"column":28}},"93":{"start":{"line":168,"column":6},"end":{"line":168,"column":49}},"94":{"start":{"line":169,"column":6},"end":{"line":169,"column":111}},"95":{"start":{"line":170,"column":6},"end":{"line":170,"column":29}},"96":{"start":{"line":171,"column":11},"end":{"line":181,"column":5}},"97":{"start":{"line":172,"column":6},"end":{"line":172,"column":30}},"98":{"start":{"line":173,"column":6},"end":{"line":173,"column":111}},"99":{"start":{"line":174,"column":6},"end":{"line":174,"column":29}},"100":{"start":{"line":177,"column":6},"end":{"line":177,"column":30}},"101":{"start":{"line":178,"column":6},"end":{"line":178,"column":28}},"102":{"start":{"line":179,"column":6},"end":{"line":179,"column":106}},"103":{"start":{"line":180,"column":6},"end":{"line":180,"column":24}},"104":{"start":{"line":185,"column":4},"end":{"line":185,"column":71}},"105":{"start":{"line":190,"column":4},"end":{"line":197,"column":7}},"106":{"start":{"line":201,"column":4},"end":{"line":208,"column":5}},"107":{"start":{"line":201,"column":17},"end":{"line":201,"column":18}},"108":{"start":{"line":202,"column":6},"end":{"line":207,"column":7}},"109":{"start":{"line":202,"column":19},"end":{"line":202,"column":20}},"110":{"start":{"line":203,"column":22},"end":{"line":203,"column":47}},"111":{"start":{"line":204,"column":8},"end":{"line":206,"column":9}},"112":{"start":{"line":205,"column":10},"end":{"line":205,"column":22}},"113":{"start":{"line":209,"column":4},"end":{"line":209,"column":17}},"114":{"start":{"line":214,"column":4},"end":{"line":228,"column":5}},"115":{"start":{"line":214,"column":17},"end":{"line":214,"column":18}},"116":{"start":{"line":215,"column":6},"end":{"line":227,"column":7}},"117":{"start":{"line":215,"column":19},"end":{"line":215,"column":20}},"118":{"start":{"line":216,"column":22},"end":{"line":216,"column":47}},"119":{"start":{"line":217,"column":8},"end":{"line":226,"column":9}},"120":{"start":{"line":219,"column":10},"end":{"line":225,"column":11}},"121":{"start":{"line":221,"column":35},"end":{"line":221,"column":70}},"122":{"start":{"line":222,"column":12},"end":{"line":224,"column":13}},"123":{"start":{"line":223,"column":14},"end":{"line":223,"column":26}},"124":{"start":{"line":229,"column":4},"end":{"line":229,"column":17}},"125":{"start":{"line":233,"column":18},"end":{"line":233,"column":43}},"126":{"start":{"line":236,"column":4},"end":{"line":238,"column":5}},"127":{"start":{"line":237,"column":6},"end":{"line":237,"column":16}},"128":{"start":{"line":241,"column":4},"end":{"line":243,"column":5}},"129":{"start":{"line":242,"column":6},"end":{"line":242,"column":16}},"130":{"start":{"line":246,"column":4},"end":{"line":248,"column":5}},"131":{"start":{"line":247,"column":6},"end":{"line":247,"column":16}},"132":{"start":{"line":251,"column":4},"end":{"line":251,"column":47}},"133":{"start":{"line":257,"column":2},"end":{"line":270,"column":3}},"134":{"start":{"line":258,"column":4},"end":{"line":269,"column":6}},"135":{"start":{"line":272,"column":20},"end":{"line":272,"column":42}},"136":{"start":{"line":273,"column":24},"end":{"line":291,"column":3}},"137":{"start":{"line":274,"column":4},"end":{"line":290,"column":6}},"138":{"start":{"line":275,"column":6},"end":{"line":288,"column":7}},"139":{"start":{"line":280,"column":8},"end":{"line":287,"column":10}},"140":{"start":{"line":289,"column":6},"end":{"line":289,"column":19}},"141":{"start":{"line":293,"column":2},"end":{"line":305,"column":4}},"142":{"start":{"line":310,"column":18},"end":{"line":310,"column":40}},"143":{"start":{"line":311,"column":4},"end":{"line":321,"column":6}},"144":{"start":{"line":326,"column":17},"end":{"line":326,"column":27}},"145":{"start":{"line":327,"column":4},"end":{"line":327,"column":49}},"146":{"start":{"line":328,"column":4},"end":{"line":328,"column":41}},"147":{"start":{"line":329,"column":4},"end":{"line":329,"column":39}},"148":{"start":{"line":330,"column":4},"end":{"line":330,"column":35}},"149":{"start":{"line":331,"column":4},"end":{"line":331,"column":41}},"150":{"start":{"line":334,"column":4},"end":{"line":336,"column":5}},"151":{"start":{"line":335,"column":6},"end":{"line":335,"column":43}},"152":{"start":{"line":339,"column":4},"end":{"line":343,"column":5}},"153":{"start":{"line":340,"column":6},"end":{"line":340,"column":59}},"154":{"start":{"line":341,"column":6},"end":{"line":341,"column":58}},"155":{"start":{"line":342,"column":6},"end":{"line":342,"column":49}},"156":{"start":{"line":344,"column":4},"end":{"line":348,"column":5}},"157":{"start":{"line":345,"column":6},"end":{"line":345,"column":61}},"158":{"start":{"line":346,"column":6},"end":{"line":346,"column":59}},"159":{"start":{"line":347,"column":6},"end":{"line":347,"column":50}},"160":{"start":{"line":351,"column":4},"end":{"line":361,"column":5}},"161":{"start":{"line":352,"column":6},"end":{"line":360,"column":7}},"162":{"start":{"line":353,"column":8},"end":{"line":359,"column":9}},"163":{"start":{"line":354,"column":10},"end":{"line":358,"column":11}},"164":{"start":{"line":355,"column":26},"end":{"line":355,"column":72}},"165":{"start":{"line":356,"column":12},"end":{"line":356,"column":53}},"166":{"start":{"line":356,"column":38},"end":{"line":356,"column":53}},"167":{"start":{"line":357,"column":12},"end":{"line":357,"column":68}},"168":{"start":{"line":363,"column":4},"end":{"line":363,"column":16}},"169":{"start":{"line":370,"column":0},"end":{"line":370,"column":22}}},"fnMap":{"0":{"name":"(anonymous_0)","decl":{"start":{"line":7,"column":2},"end":{"line":7,"column":3}},"loc":{"start":{"line":7,"column":16},"end":{"line":20,"column":3}},"line":7},"1":{"name":"(anonymous_1)","decl":{"start":{"line":22,"column":2},"end":{"line":22,"column":3}},"loc":{"start":{"line":22,"column":32},"end":{"line":24,"column":3}},"line":22},"2":{"name":"(anonymous_2)","decl":{"start":{"line":26,"column":2},"end":{"line":26,"column":3}},"loc":{"start":{"line":26,"column":38},"end":{"line":31,"column":3}},"line":26},"3":{"name":"(anonymous_3)","decl":{"start":{"line":33,"column":2},"end":{"line":33,"column":3}},"loc":{"start":{"line":33,"column":54},"end":{"line":38,"column":3}},"line":33},"4":{"name":"(anonymous_4)","decl":{"start":{"line":40,"column":2},"end":{"line":40,"column":3}},"loc":{"start":{"line":40,"column":37},"end":{"line":45,"column":3}},"line":40},"5":{"name":"(anonymous_5)","decl":{"start":{"line":47,"column":2},"end":{"line":47,"column":3}},"loc":{"start":{"line":47,"column":39},"end":{"line":56,"column":3}},"line":47},"6":{"name":"(anonymous_6)","decl":{"start":{"line":58,"column":2},"end":{"line":58,"column":3}},"loc":{"start":{"line":58,"column":23},"end":{"line":76,"column":3}},"line":58},"7":{"name":"(anonymous_7)","decl":{"start":{"line":78,"column":2},"end":{"line":78,"column":3}},"loc":{"start":{"line":78,"column":35},"end":{"line":131,"column":3}},"line":78},"8":{"name":"(anonymous_8)","decl":{"start":{"line":133,"column":2},"end":{"line":133,"column":3}},"loc":{"start":{"line":133,"column":56},"end":{"line":182,"column":3}},"line":133},"9":{"name":"(anonymous_9)","decl":{"start":{"line":184,"column":2},"end":{"line":184,"column":3}},"loc":{"start":{"line":184,"column":15},"end":{"line":186,"column":3}},"line":184},"10":{"name":"(anonymous_10)","decl":{"start":{"line":189,"column":2},"end":{"line":189,"column":3}},"loc":{"start":{"line":189,"column":81},"end":{"line":198,"column":3}},"line":189},"11":{"name":"(anonymous_11)","decl":{"start":{"line":200,"column":2},"end":{"line":200,"column":3}},"loc":{"start":{"line":200,"column":29},"end":{"line":210,"column":3}},"line":200},"12":{"name":"(anonymous_12)","decl":{"start":{"line":213,"column":2},"end":{"line":213,"column":3}},"loc":{"start":{"line":213,"column":33},"end":{"line":230,"column":3}},"line":213},"13":{"name":"(anonymous_13)","decl":{"start":{"line":232,"column":2},"end":{"line":232,"column":3}},"loc":{"start":{"line":232,"column":34},"end":{"line":252,"column":3}},"line":232},"14":{"name":"(anonymous_14)","decl":{"start":{"line":255,"column":2},"end":{"line":255,"column":3}},"loc":{"start":{"line":255,"column":31},"end":{"line":306,"column":1}},"line":255},"15":{"name":"(anonymous_15)","decl":{"start":{"line":273,"column":38},"end":{"line":273,"column":39}},"loc":{"start":{"line":274,"column":4},"end":{"line":290,"column":6}},"line":274},"16":{"name":"(anonymous_16)","decl":{"start":{"line":274,"column":12},"end":{"line":274,"column":13}},"loc":{"start":{"line":274,"column":21},"end":{"line":290,"column":5}},"line":274},"17":{"name":"(anonymous_17)","decl":{"start":{"line":309,"column":2},"end":{"line":309,"column":3}},"loc":{"start":{"line":309,"column":19},"end":{"line":322,"column":3}},"line":309},"18":{"name":"(anonymous_18)","decl":{"start":{"line":325,"column":2},"end":{"line":325,"column":3}},"loc":{"start":{"line":325,"column":31},"end":{"line":364,"column":3}},"line":325}},"branchMap":{"0":{"loc":{"start":{"line":27,"column":4},"end":{"line":29,"column":5}},"type":"if","locations":[{"start":{"line":27,"column":4},"end":{"line":29,"column":5}},{"start":{},"end":{}}],"line":27},"1":{"loc":{"start":{"line":34,"column":4},"end":{"line":36,"column":5}},"type":"if","locations":[{"start":{"line":34,"column":4},"end":{"line":36,"column":5}},{"start":{},"end":{}}],"line":34},"2":{"loc":{"start":{"line":41,"column":4},"end":{"line":43,"column":5}},"type":"if","locations":[{"start":{"line":41,"column":4},"end":{"line":43,"column":5}},{"start":{},"end":{}}],"line":41},"3":{"loc":{"start":{"line":48,"column":4},"end":{"line":50,"column":5}},"type":"if","locations":[{"start":{"line":48,"column":4},"end":{"line":50,"column":5}},{"start":{},"end":{}}],"line":48},"4":{"loc":{"start":{"line":52,"column":4},"end":{"line":55,"column":5}},"type":"if","locations":[{"start":{"line":52,"column":4},"end":{"line":55,"column":5}},{"start":{},"end":{}}],"line":52},"5":{"loc":{"start":{"line":52,"column":8},"end":{"line":52,"column":95}},"type":"binary-expr","locations":[{"start":{"line":52,"column":8},"end":{"line":52,"column":49}},{"start":{"line":52,"column":53},"end":{"line":52,"column":95}}],"line":52},"6":{"loc":{"start":{"line":79,"column":4},"end":{"line":81,"column":5}},"type":"if","locations":[{"start":{"line":79,"column":4},"end":{"line":81,"column":5}},{"start":{},"end":{}}],"line":79},"7":{"loc":{"start":{"line":85,"column":4},"end":{"line":87,"column":5}},"type":"if","locations":[{"start":{"line":85,"column":4},"end":{"line":87,"column":5}},{"start":{},"end":{}}],"line":85},"8":{"loc":{"start":{"line":85,"column":8},"end":{"line":85,"column":62}},"type":"binary-expr","locations":[{"start":{"line":85,"column":8},"end":{"line":85,"column":16}},{"start":{"line":85,"column":20},"end":{"line":85,"column":62}}],"line":85},"9":{"loc":{"start":{"line":88,"column":4},"end":{"line":90,"column":5}},"type":"if","locations":[{"start":{"line":88,"column":4},"end":{"line":90,"column":5}},{"start":{},"end":{}}],"line":88},"10":{"loc":{"start":{"line":92,"column":4},"end":{"line":94,"column":5}},"type":"if","locations":[{"start":{"line":92,"column":4},"end":{"line":94,"column":5}},{"start":{},"end":{}}],"line":92},"11":{"loc":{"start":{"line":98,"column":4},"end":{"line":109,"column":5}},"type":"if","locations":[{"start":{"line":98,"column":4},"end":{"line":109,"column":5}},{"start":{"line":106,"column":11},"end":{"line":109,"column":5}}],"line":98},"12":{"loc":{"start":{"line":101,"column":6},"end":{"line":105,"column":7}},"type":"if","locations":[{"start":{"line":101,"column":6},"end":{"line":105,"column":7}},{"start":{},"end":{}}],"line":101},"13":{"loc":{"start":{"line":101,"column":10},"end":{"line":101,"column":72}},"type":"binary-expr","locations":[{"start":{"line":101,"column":10},"end":{"line":101,"column":24}},{"start":{"line":101,"column":28},"end":{"line":101,"column":72}}],"line":101},"14":{"loc":{"start":{"line":124,"column":4},"end":{"line":128,"column":5}},"type":"if","locations":[{"start":{"line":124,"column":4},"end":{"line":128,"column":5}},{"start":{},"end":{}}],"line":124},"15":{"loc":{"start":{"line":124,"column":8},"end":{"line":124,"column":69}},"type":"binary-expr","locations":[{"start":{"line":124,"column":8},"end":{"line":124,"column":22}},{"start":{"line":124,"column":26},"end":{"line":124,"column":69}}],"line":124},"16":{"loc":{"start":{"line":126,"column":20},"end":{"line":126,"column":65}},"type":"cond-expr","locations":[{"start":{"line":126,"column":51},"end":{"line":126,"column":57}},{"start":{"line":126,"column":60},"end":{"line":126,"column":65}}],"line":126},"17":{"loc":{"start":{"line":138,"column":26},"end":{"line":138,"column":66}},"type":"cond-expr","locations":[{"start":{"line":138,"column":52},"end":{"line":138,"column":58}},{"start":{"line":138,"column":61},"end":{"line":138,"column":66}}],"line":138},"18":{"loc":{"start":{"line":141,"column":4},"end":{"line":149,"column":5}},"type":"if","locations":[{"start":{"line":141,"column":4},"end":{"line":149,"column":5}},{"start":{},"end":{}}],"line":141},"19":{"loc":{"start":{"line":151,"column":4},"end":{"line":157,"column":5}},"type":"if","locations":[{"start":{"line":151,"column":4},"end":{"line":157,"column":5}},{"start":{},"end":{}}],"line":151},"20":{"loc":{"start":{"line":151,"column":8},"end":{"line":151,"column":61}},"type":"binary-expr","locations":[{"start":{"line":151,"column":8},"end":{"line":151,"column":33}},{"start":{"line":151,"column":37},"end":{"line":151,"column":61}}],"line":151},"21":{"loc":{"start":{"line":159,"column":4},"end":{"line":164,"column":5}},"type":"if","locations":[{"start":{"line":159,"column":4},"end":{"line":164,"column":5}},{"start":{},"end":{}}],"line":159},"22":{"loc":{"start":{"line":159,"column":8},"end":{"line":159,"column":61}},"type":"binary-expr","locations":[{"start":{"line":159,"column":8},"end":{"line":159,"column":32}},{"start":{"line":159,"column":36},"end":{"line":159,"column":61}}],"line":159},"23":{"loc":{"start":{"line":166,"column":4},"end":{"line":181,"column":5}},"type":"if","locations":[{"start":{"line":166,"column":4},"end":{"line":181,"column":5}},{"start":{"line":171,"column":11},"end":{"line":181,"column":5}}],"line":166},"24":{"loc":{"start":{"line":171,"column":11},"end":{"line":181,"column":5}},"type":"if","locations":[{"start":{"line":171,"column":11},"end":{"line":181,"column":5}},{"start":{"line":175,"column":11},"end":{"line":181,"column":5}}],"line":171},"25":{"loc":{"start":{"line":185,"column":25},"end":{"line":185,"column":70}},"type":"cond-expr","locations":[{"start":{"line":185,"column":56},"end":{"line":185,"column":62}},{"start":{"line":185,"column":65},"end":{"line":185,"column":70}}],"line":185},"26":{"loc":{"start":{"line":204,"column":8},"end":{"line":206,"column":9}},"type":"if","locations":[{"start":{"line":204,"column":8},"end":{"line":206,"column":9}},{"start":{},"end":{}}],"line":204},"27":{"loc":{"start":{"line":204,"column":12},"end":{"line":204,"column":65}},"type":"binary-expr","locations":[{"start":{"line":204,"column":12},"end":{"line":204,"column":23}},{"start":{"line":204,"column":27},"end":{"line":204,"column":65}}],"line":204},"28":{"loc":{"start":{"line":217,"column":8},"end":{"line":226,"column":9}},"type":"if","locations":[{"start":{"line":217,"column":8},"end":{"line":226,"column":9}},{"start":{},"end":{}}],"line":217},"29":{"loc":{"start":{"line":217,"column":12},"end":{"line":217,"column":65}},"type":"binary-expr","locations":[{"start":{"line":217,"column":12},"end":{"line":217,"column":23}},{"start":{"line":217,"column":27},"end":{"line":217,"column":65}}],"line":217},"30":{"loc":{"start":{"line":219,"column":10},"end":{"line":225,"column":11}},"type":"if","locations":[{"start":{"line":219,"column":10},"end":{"line":225,"column":11}},{"start":{},"end":{}}],"line":219},"31":{"loc":{"start":{"line":222,"column":12},"end":{"line":224,"column":13}},"type":"if","locations":[{"start":{"line":222,"column":12},"end":{"line":224,"column":13}},{"start":{},"end":{}}],"line":222},"32":{"loc":{"start":{"line":236,"column":4},"end":{"line":238,"column":5}},"type":"if","locations":[{"start":{"line":236,"column":4},"end":{"line":238,"column":5}},{"start":{},"end":{}}],"line":236},"33":{"loc":{"start":{"line":236,"column":8},"end":{"line":236,"column":30}},"type":"binary-expr","locations":[{"start":{"line":236,"column":8},"end":{"line":236,"column":14}},{"start":{"line":236,"column":18},"end":{"line":236,"column":30}}],"line":236},"34":{"loc":{"start":{"line":241,"column":4},"end":{"line":243,"column":5}},"type":"if","locations":[{"start":{"line":241,"column":4},"end":{"line":243,"column":5}},{"start":{},"end":{}}],"line":241},"35":{"loc":{"start":{"line":246,"column":4},"end":{"line":248,"column":5}},"type":"if","locations":[{"start":{"line":246,"column":4},"end":{"line":248,"column":5}},{"start":{},"end":{}}],"line":246},"36":{"loc":{"start":{"line":257,"column":2},"end":{"line":270,"column":3}},"type":"if","locations":[{"start":{"line":257,"column":2},"end":{"line":270,"column":3}},{"start":{},"end":{}}],"line":257},"37":{"loc":{"start":{"line":275,"column":6},"end":{"line":288,"column":7}},"type":"if","locations":[{"start":{"line":275,"column":6},"end":{"line":288,"column":7}},{"start":{},"end":{}}],"line":275},"38":{"loc":{"start":{"line":276,"column":8},"end":{"line":278,"column":29}},"type":"binary-expr","locations":[{"start":{"line":276,"column":8},"end":{"line":276,"column":19}},{"start":{"line":277,"column":8},"end":{"line":277,"column":44}},{"start":{"line":278,"column":8},"end":{"line":278,"column":29}}],"line":276},"39":{"loc":{"start":{"line":334,"column":4},"end":{"line":336,"column":5}},"type":"if","locations":[{"start":{"line":334,"column":4},"end":{"line":336,"column":5}},{"start":{},"end":{}}],"line":334},"40":{"loc":{"start":{"line":339,"column":4},"end":{"line":343,"column":5}},"type":"if","locations":[{"start":{"line":339,"column":4},"end":{"line":343,"column":5}},{"start":{},"end":{}}],"line":339},"41":{"loc":{"start":{"line":344,"column":4},"end":{"line":348,"column":5}},"type":"if","locations":[{"start":{"line":344,"column":4},"end":{"line":348,"column":5}},{"start":{},"end":{}}],"line":344},"42":{"loc":{"start":{"line":351,"column":4},"end":{"line":361,"column":5}},"type":"if","locations":[{"start":{"line":351,"column":4},"end":{"line":361,"column":5}},{"start":{},"end":{}}],"line":351},"43":{"loc":{"start":{"line":351,"column":8},"end":{"line":351,"column":57}},"type":"binary-expr","locations":[{"start":{"line":351,"column":8},"end":{"line":351,"column":23}},{"start":{"line":351,"column":27},"end":{"line":351,"column":57}}],"line":351},"44":{"loc":{"start":{"line":354,"column":10},"end":{"line":358,"column":11}},"type":"if","locations":[{"start":{"line":354,"column":10},"end":{"line":358,"column":11}},{"start":{},"end":{}}],"line":354},"45":{"loc":{"start":{"line":356,"column":12},"end":{"line":356,"column":53}},"type":"if","locations":[{"start":{"line":356,"column":12},"end":{"line":356,"column":53}},{"start":{},"end":{}}],"line":356}},"s":{"0":1,"1":1,"2":1,"3":1,"4":48,"5":48,"6":48,"7":48,"8":48,"9":48,"10":48,"11":48,"12":48,"13":0,"14":4,"15":1,"16":3,"17":1,"18":0,"19":1,"20":8,"21":0,"22":8,"23":5,"24":0,"25":5,"26":5,"27":2,"28":2,"29":2,"30":2,"31":2,"32":8,"33":8,"34":80,"35":80,"36":2,"37":2,"38":2,"39":8,"40":8,"41":80,"42":80,"43":20,"44":0,"45":20,"46":19,"47":19,"48":0,"49":19,"50":1,"51":18,"52":0,"53":18,"54":13,"55":13,"56":9,"57":9,"58":9,"59":5,"60":5,"61":18,"62":18,"63":18,"64":18,"65":5,"66":5,"67":5,"68":18,"69":13,"70":13,"71":13,"72":13,"73":13,"74":2,"75":2,"76":2,"77":2,"78":2,"79":2,"80":2,"81":11,"82":2,"83":2,"84":2,"85":2,"86":9,"87":2,"88":2,"89":2,"90":2,"91":7,"92":3,"93":3,"94":3,"95":3,"96":4,"97":2,"98":2,"99":2,"100":2,"101":2,"102":2,"103":2,"104":21,"105":13,"106":0,"107":0,"108":0,"109":0,"110":0,"111":0,"112":0,"113":0,"114":20,"115":20,"116":155,"117":155,"118":1509,"119":1509,"120":10,"121":5,"122":5,"123":5,"124":15,"125":4,"126":4,"127":0,"128":4,"129":1,"130":3,"131":1,"132":2,"133":8,"134":0,"135":8,"136":8,"137":80,"138":800,"139":2,"140":798,"141":8,"142":0,"143":0,"144":0,"145":0,"146":0,"147":0,"148":0,"149":0,"150":0,"151":0,"152":0,"153":0,"154":0,"155":0,"156":0,"157":0,"158":0,"159":0,"160":0,"161":0,"162":0,"163":0,"164":0,"165":0,"166":0,"167":0,"168":0,"169":1},"f":{"0":48,"1":0,"2":4,"3":1,"4":8,"5":5,"6":2,"7":20,"8":13,"9":21,"10":13,"11":0,"12":20,"13":4,"14":8,"15":80,"16":800,"17":0,"18":0},"b":{"0":[1,3],"1":[0,1],"2":[0,8],"3":[0,5],"4":[2,3],"5":[5,5],"6":[0,20],"7":[0,19],"8":[19,13],"9":[1,18],"10":[0,18],"11":[13,5],"12":[9,4],"13":[13,11],"14":[5,13],"15":[18,7],"16":[1,4],"17":[13,0],"18":[2,11],"19":[2,9],"20":[11,2],"21":[2,7],"22":[9,2],"23":[3,4],"24":[2,2],"25":[19,2],"26":[0,0],"27":[0,0],"28":[10,1499],"29":[1509,22],"30":[5,5],"31":[5,0],"32":[0,4],"33":[4,4],"34":[1,3],"35":[1,2],"36":[0,8],"37":[2,798],"38":[800,3,2],"39":[0,0],"40":[0,0],"41":[0,0],"42":[0,0],"43":[0,0],"44":[0,0],"45":[0,0]},"_coverageSchema":"1a1c01bbd47fc00a2c39e90264f33305004495a9","hash":"d1b65efdb92b073862d6de3824eb8161d3d974a0"}
,"C:\\Users\\evann\\.vscode\\STRATEGO\\Jac-Of-All-Trades\\server\\src\\game\\Move.js": {"path":"C:\\Users\\evann\\.vscode\\STRATEGO\\Jac-Of-All-Trades\\server\\src\\game\\Move.js","statementMap":{"0":{"start":{"line":3,"column":8},"end":{"line":3,"column":33}},"1":{"start":{"line":4,"column":8},"end":{"line":4,"column":27}},"2":{"start":{"line":5,"column":8},"end":{"line":5,"column":27}},"3":{"start":{"line":6,"column":8},"end":{"line":6,"column":23}},"4":{"start":{"line":7,"column":8},"end":{"line":7,"column":23}},"5":{"start":{"line":8,"column":8},"end":{"line":8,"column":27}},"6":{"start":{"line":9,"column":8},"end":{"line":9,"column":29}},"7":{"start":{"line":10,"column":8},"end":{"line":10,"column":43}},"8":{"start":{"line":11,"column":8},"end":{"line":11,"column":36}},"9":{"start":{"line":14,"column":0},"end":{"line":14,"column":22}}},"fnMap":{"0":{"name":"(anonymous_0)","decl":{"start":{"line":2,"column":4},"end":{"line":2,"column":5}},"loc":{"start":{"line":2,"column":95},"end":{"line":12,"column":5}},"line":2}},"branchMap":{"0":{"loc":{"start":{"line":2,"column":57},"end":{"line":2,"column":71}},"type":"default-arg","locations":[{"start":{"line":2,"column":66},"end":{"line":2,"column":71}}],"line":2},"1":{"loc":{"start":{"line":2,"column":73},"end":{"line":2,"column":93}},"type":"default-arg","locations":[{"start":{"line":2,"column":89},"end":{"line":2,"column":93}}],"line":2}},"s":{"0":20,"1":20,"2":20,"3":20,"4":20,"5":20,"6":20,"7":20,"8":20,"9":2},"f":{"0":20},"b":{"0":[18],"1":[18]},"_coverageSchema":"1a1c01bbd47fc00a2c39e90264f33305004495a9","hash":"81096dba52d20ce462b565c04f4f5f7d0383b972"}
,"C:\\Users\\evann\\.vscode\\STRATEGO\\Jac-Of-All-Trades\\server\\src\\game\\Piece.js": {"path":"C:\\Users\\evann\\.vscode\\STRATEGO\\Jac-Of-All-Trades\\server\\src\\game\\Piece.js","statementMap":{"0":{"start":{"line":3,"column":8},"end":{"line":3,"column":25}},"1":{"start":{"line":4,"column":8},"end":{"line":4,"column":27}},"2":{"start":{"line":5,"column":8},"end":{"line":5,"column":32}},"3":{"start":{"line":9,"column":8},"end":{"line":9,"column":49}},"4":{"start":{"line":13,"column":8},"end":{"line":13,"column":31}},"5":{"start":{"line":17,"column":8},"end":{"line":17,"column":32}},"6":{"start":{"line":21,"column":8},"end":{"line":21,"column":31}},"7":{"start":{"line":25,"column":8},"end":{"line":25,"column":31}},"8":{"start":{"line":29,"column":8},"end":{"line":29,"column":31}},"9":{"start":{"line":33,"column":8},"end":{"line":33,"column":31}},"10":{"start":{"line":37,"column":8},"end":{"line":37,"column":32}},"11":{"start":{"line":41,"column":8},"end":{"line":41,"column":25}},"12":{"start":{"line":45,"column":8},"end":{"line":45,"column":26}},"13":{"start":{"line":49,"column":0},"end":{"line":49,"column":23}}},"fnMap":{"0":{"name":"(anonymous_0)","decl":{"start":{"line":2,"column":4},"end":{"line":2,"column":5}},"loc":{"start":{"line":2,"column":28},"end":{"line":6,"column":5}},"line":2},"1":{"name":"(anonymous_1)","decl":{"start":{"line":8,"column":4},"end":{"line":8,"column":5}},"loc":{"start":{"line":8,"column":13},"end":{"line":10,"column":5}},"line":8},"2":{"name":"(anonymous_2)","decl":{"start":{"line":12,"column":4},"end":{"line":12,"column":5}},"loc":{"start":{"line":12,"column":13},"end":{"line":14,"column":5}},"line":12},"3":{"name":"(anonymous_3)","decl":{"start":{"line":16,"column":4},"end":{"line":16,"column":5}},"loc":{"start":{"line":16,"column":13},"end":{"line":18,"column":5}},"line":16},"4":{"name":"(anonymous_4)","decl":{"start":{"line":20,"column":4},"end":{"line":20,"column":5}},"loc":{"start":{"line":20,"column":14},"end":{"line":22,"column":5}},"line":20},"5":{"name":"(anonymous_5)","decl":{"start":{"line":24,"column":4},"end":{"line":24,"column":5}},"loc":{"start":{"line":24,"column":12},"end":{"line":26,"column":5}},"line":24},"6":{"name":"(anonymous_6)","decl":{"start":{"line":28,"column":4},"end":{"line":28,"column":5}},"loc":{"start":{"line":28,"column":13},"end":{"line":30,"column":5}},"line":28},"7":{"name":"(anonymous_7)","decl":{"start":{"line":32,"column":4},"end":{"line":32,"column":5}},"loc":{"start":{"line":32,"column":13},"end":{"line":34,"column":5}},"line":32},"8":{"name":"(anonymous_8)","decl":{"start":{"line":36,"column":4},"end":{"line":36,"column":5}},"loc":{"start":{"line":36,"column":10},"end":{"line":38,"column":5}},"line":36},"9":{"name":"(anonymous_9)","decl":{"start":{"line":40,"column":4},"end":{"line":40,"column":5}},"loc":{"start":{"line":40,"column":13},"end":{"line":42,"column":5}},"line":40},"10":{"name":"(anonymous_10)","decl":{"start":{"line":44,"column":4},"end":{"line":44,"column":5}},"loc":{"start":{"line":44,"column":14},"end":{"line":46,"column":5}},"line":44}},"branchMap":{"0":{"loc":{"start":{"line":9,"column":16},"end":{"line":9,"column":47}},"type":"binary-expr","locations":[{"start":{"line":9,"column":16},"end":{"line":9,"column":29}},{"start":{"line":9,"column":33},"end":{"line":9,"column":47}}],"line":9}},"s":{"0":252,"1":252,"2":252,"3":35,"4":1,"5":1,"6":1,"7":1,"8":23,"9":27,"10":1,"11":64,"12":114,"13":4},"f":{"0":252,"1":35,"2":1,"3":1,"4":1,"5":1,"6":23,"7":27,"8":1,"9":64,"10":114},"b":{"0":[35,32]},"_coverageSchema":"1a1c01bbd47fc00a2c39e90264f33305004495a9","hash":"52c432b37311548c53c2119c144bbd88cc60fb30"}
,"C:\\Users\\evann\\.vscode\\STRATEGO\\Jac-Of-All-Trades\\server\\src\\game\\Player.js": {"path":"C:\\Users\\evann\\.vscode\\STRATEGO\\Jac-Of-All-Trades\\server\\src\\game\\Player.js","statementMap":{"0":{"start":{"line":3,"column":8},"end":{"line":3,"column":27}},"1":{"start":{"line":4,"column":8},"end":{"line":4,"column":53}},"2":{"start":{"line":5,"column":8},"end":{"line":5,"column":80}},"3":{"start":{"line":5,"column":54},"end":{"line":5,"column":78}},"4":{"start":{"line":6,"column":8},"end":{"line":6,"column":38}},"5":{"start":{"line":7,"column":8},"end":{"line":7,"column":33}},"6":{"start":{"line":11,"column":31},"end":{"line":24,"column":10}},"7":{"start":{"line":26,"column":8},"end":{"line":26,"column":30}},"8":{"start":{"line":30,"column":8},"end":{"line":30,"column":41}},"9":{"start":{"line":34,"column":8},"end":{"line":36,"column":9}},"10":{"start":{"line":35,"column":12},"end":{"line":35,"column":81}},"11":{"start":{"line":37,"column":8},"end":{"line":37,"column":32}},"12":{"start":{"line":41,"column":8},"end":{"line":57,"column":9}},"13":{"start":{"line":42,"column":12},"end":{"line":54,"column":13}},"14":{"start":{"line":43,"column":16},"end":{"line":47,"column":17}},"15":{"start":{"line":44,"column":20},"end":{"line":44,"column":54}},"16":{"start":{"line":46,"column":20},"end":{"line":46,"column":87}},"17":{"start":{"line":48,"column":16},"end":{"line":48,"column":41}},"18":{"start":{"line":49,"column":16},"end":{"line":51,"column":17}},"19":{"start":{"line":50,"column":20},"end":{"line":50,"column":49}},"20":{"start":{"line":53,"column":16},"end":{"line":53,"column":83}},"21":{"start":{"line":56,"column":12},"end":{"line":56,"column":51}},"22":{"start":{"line":61,"column":8},"end":{"line":63,"column":9}},"23":{"start":{"line":62,"column":12},"end":{"line":62,"column":72}},"24":{"start":{"line":65,"column":8},"end":{"line":67,"column":9}},"25":{"start":{"line":66,"column":12},"end":{"line":66,"column":19}},"26":{"start":{"line":69,"column":24},"end":{"line":69,"column":47}},"27":{"start":{"line":70,"column":24},"end":{"line":70,"column":47}},"28":{"start":{"line":72,"column":8},"end":{"line":72,"column":42}},"29":{"start":{"line":73,"column":8},"end":{"line":73,"column":68}},"30":{"start":{"line":75,"column":8},"end":{"line":77,"column":9}},"31":{"start":{"line":76,"column":12},"end":{"line":76,"column":41}},"32":{"start":{"line":81,"column":8},"end":{"line":81,"column":80}},"33":{"start":{"line":81,"column":54},"end":{"line":81,"column":78}},"34":{"start":{"line":82,"column":8},"end":{"line":82,"column":53}},"35":{"start":{"line":84,"column":23},"end":{"line":84,"column":25}},"36":{"start":{"line":85,"column":8},"end":{"line":89,"column":9}},"37":{"start":{"line":86,"column":12},"end":{"line":88,"column":13}},"38":{"start":{"line":86,"column":25},"end":{"line":86,"column":26}},"39":{"start":{"line":87,"column":16},"end":{"line":87,"column":34}},"40":{"start":{"line":91,"column":8},"end":{"line":94,"column":9}},"41":{"start":{"line":91,"column":21},"end":{"line":91,"column":38}},"42":{"start":{"line":92,"column":22},"end":{"line":92,"column":57}},"43":{"start":{"line":93,"column":12},"end":{"line":93,"column":60}},"44":{"start":{"line":96,"column":20},"end":{"line":96,"column":21}},"45":{"start":{"line":97,"column":8},"end":{"line":101,"column":9}},"46":{"start":{"line":97,"column":21},"end":{"line":97,"column":22}},"47":{"start":{"line":98,"column":12},"end":{"line":100,"column":13}},"48":{"start":{"line":98,"column":25},"end":{"line":98,"column":26}},"49":{"start":{"line":99,"column":16},"end":{"line":99,"column":52}},"50":{"start":{"line":103,"column":8},"end":{"line":103,"column":37}},"51":{"start":{"line":104,"column":8},"end":{"line":104,"column":37}},"52":{"start":{"line":108,"column":8},"end":{"line":108,"column":27}},"53":{"start":{"line":112,"column":8},"end":{"line":112,"column":36}},"54":{"start":{"line":117,"column":0},"end":{"line":117,"column":24}}},"fnMap":{"0":{"name":"(anonymous_0)","decl":{"start":{"line":2,"column":4},"end":{"line":2,"column":5}},"loc":{"start":{"line":2,"column":22},"end":{"line":8,"column":5}},"line":2},"1":{"name":"(anonymous_1)","decl":{"start":{"line":5,"column":48},"end":{"line":5,"column":49}},"loc":{"start":{"line":5,"column":54},"end":{"line":5,"column":78}},"line":5},"2":{"name":"(anonymous_2)","decl":{"start":{"line":10,"column":4},"end":{"line":10,"column":5}},"loc":{"start":{"line":10,"column":20},"end":{"line":27,"column":5}},"line":10},"3":{"name":"(anonymous_3)","decl":{"start":{"line":29,"column":4},"end":{"line":29,"column":5}},"loc":{"start":{"line":29,"column":21},"end":{"line":31,"column":5}},"line":29},"4":{"name":"(anonymous_4)","decl":{"start":{"line":33,"column":4},"end":{"line":33,"column":5}},"loc":{"start":{"line":33,"column":23},"end":{"line":38,"column":5}},"line":33},"5":{"name":"(anonymous_5)","decl":{"start":{"line":40,"column":4},"end":{"line":40,"column":5}},"loc":{"start":{"line":40,"column":26},"end":{"line":58,"column":5}},"line":40},"6":{"name":"(anonymous_6)","decl":{"start":{"line":60,"column":4},"end":{"line":60,"column":5}},"loc":{"start":{"line":60,"column":38},"end":{"line":78,"column":5}},"line":60},"7":{"name":"(anonymous_7)","decl":{"start":{"line":80,"column":4},"end":{"line":80,"column":5}},"loc":{"start":{"line":80,"column":21},"end":{"line":105,"column":5}},"line":80},"8":{"name":"(anonymous_8)","decl":{"start":{"line":81,"column":48},"end":{"line":81,"column":49}},"loc":{"start":{"line":81,"column":54},"end":{"line":81,"column":78}},"line":81},"9":{"name":"(anonymous_9)","decl":{"start":{"line":107,"column":4},"end":{"line":107,"column":5}},"loc":{"start":{"line":107,"column":15},"end":{"line":109,"column":5}},"line":107},"10":{"name":"(anonymous_10)","decl":{"start":{"line":111,"column":4},"end":{"line":111,"column":5}},"loc":{"start":{"line":111,"column":24},"end":{"line":113,"column":5}},"line":111}},"branchMap":{"0":{"loc":{"start":{"line":34,"column":8},"end":{"line":36,"column":9}},"type":"if","locations":[{"start":{"line":34,"column":8},"end":{"line":36,"column":9}},{"start":{},"end":{}}],"line":34},"1":{"loc":{"start":{"line":41,"column":8},"end":{"line":57,"column":9}},"type":"if","locations":[{"start":{"line":41,"column":8},"end":{"line":57,"column":9}},{"start":{"line":55,"column":15},"end":{"line":57,"column":9}}],"line":41},"2":{"loc":{"start":{"line":42,"column":12},"end":{"line":54,"column":13}},"type":"if","locations":[{"start":{"line":42,"column":12},"end":{"line":54,"column":13}},{"start":{"line":52,"column":19},"end":{"line":54,"column":13}}],"line":42},"3":{"loc":{"start":{"line":43,"column":16},"end":{"line":47,"column":17}},"type":"if","locations":[{"start":{"line":43,"column":16},"end":{"line":47,"column":17}},{"start":{"line":45,"column":23},"end":{"line":47,"column":17}}],"line":43},"4":{"loc":{"start":{"line":49,"column":16},"end":{"line":51,"column":17}},"type":"if","locations":[{"start":{"line":49,"column":16},"end":{"line":51,"column":17}},{"start":{},"end":{}}],"line":49},"5":{"loc":{"start":{"line":61,"column":8},"end":{"line":63,"column":9}},"type":"if","locations":[{"start":{"line":61,"column":8},"end":{"line":63,"column":9}},{"start":{},"end":{}}],"line":61},"6":{"loc":{"start":{"line":65,"column":8},"end":{"line":67,"column":9}},"type":"if","locations":[{"start":{"line":65,"column":8},"end":{"line":67,"column":9}},{"start":{},"end":{}}],"line":65},"7":{"loc":{"start":{"line":65,"column":12},"end":{"line":65,"column":42}},"type":"binary-expr","locations":[{"start":{"line":65,"column":12},"end":{"line":65,"column":25}},{"start":{"line":65,"column":29},"end":{"line":65,"column":42}}],"line":65},"8":{"loc":{"start":{"line":73,"column":34},"end":{"line":73,"column":67}},"type":"cond-expr","locations":[{"start":{"line":73,"column":53},"end":{"line":73,"column":57}},{"start":{"line":73,"column":60},"end":{"line":73,"column":67}}],"line":73},"9":{"loc":{"start":{"line":75,"column":8},"end":{"line":77,"column":9}},"type":"if","locations":[{"start":{"line":75,"column":8},"end":{"line":77,"column":9}},{"start":{},"end":{}}],"line":75}},"s":{"0":138,"1":138,"2":138,"3":552,"4":138,"5":138,"6":167,"7":167,"8":21,"9":7,"10":1,"11":6,"12":23,"13":22,"14":21,"15":5,"16":16,"17":21,"18":21,"19":3,"20":1,"21":1,"22":9,"23":1,"24":8,"25":2,"26":6,"27":6,"28":6,"29":6,"30":6,"31":1,"32":16,"33":64,"34":16,"35":16,"36":16,"37":192,"38":192,"39":640,"40":16,"41":16,"42":624,"43":624,"44":16,"45":16,"46":16,"47":64,"48":64,"49":640,"50":16,"51":16,"52":18,"53":10,"54":2},"f":{"0":138,"1":552,"2":167,"3":21,"4":7,"5":23,"6":9,"7":16,"8":64,"9":18,"10":10},"b":{"0":[1,6],"1":[22,1],"2":[21,1],"3":[5,16],"4":[3,18],"5":[1,8],"6":[2,6],"7":[8,6],"8":[3,3],"9":[1,5]},"_coverageSchema":"1a1c01bbd47fc00a2c39e90264f33305004495a9","hash":"cbcc229be3d14207f4b22f4358f738a1bc8c63f6"}
,"C:\\Users\\evann\\.vscode\\STRATEGO\\Jac-Of-All-Trades\\server\\src\\game\\Space.js": {"path":"C:\\Users\\evann\\.vscode\\STRATEGO\\Jac-Of-All-Trades\\server\\src\\game\\Space.js","statementMap":{"0":{"start":{"line":3,"column":4},"end":{"line":3,"column":15}},"1":{"start":{"line":4,"column":4},"end":{"line":4,"column":15}},"2":{"start":{"line":5,"column":4},"end":{"line":5,"column":27}},"3":{"start":{"line":6,"column":4},"end":{"line":6,"column":22}},"4":{"start":{"line":10,"column":4},"end":{"line":10,"column":56}},"5":{"start":{"line":14,"column":4},"end":{"line":14,"column":23}},"6":{"start":{"line":19,"column":25},"end":{"line":19,"column":35}},"7":{"start":{"line":20,"column":4},"end":{"line":20,"column":22}},"8":{"start":{"line":21,"column":4},"end":{"line":21,"column":24}},"9":{"start":{"line":25,"column":4},"end":{"line":25,"column":18}},"10":{"start":{"line":29,"column":4},"end":{"line":29,"column":18}},"11":{"start":{"line":34,"column":4},"end":{"line":43,"column":6}},"12":{"start":{"line":47,"column":0},"end":{"line":47,"column":23}}},"fnMap":{"0":{"name":"(anonymous_0)","decl":{"start":{"line":2,"column":2},"end":{"line":2,"column":3}},"loc":{"start":{"line":2,"column":29},"end":{"line":7,"column":3}},"line":2},"1":{"name":"(anonymous_1)","decl":{"start":{"line":9,"column":2},"end":{"line":9,"column":3}},"loc":{"start":{"line":9,"column":15},"end":{"line":11,"column":3}},"line":9},"2":{"name":"(anonymous_2)","decl":{"start":{"line":13,"column":2},"end":{"line":13,"column":3}},"loc":{"start":{"line":13,"column":20},"end":{"line":15,"column":3}},"line":13},"3":{"name":"(anonymous_3)","decl":{"start":{"line":17,"column":2},"end":{"line":17,"column":3}},"loc":{"start":{"line":17,"column":16},"end":{"line":22,"column":3}},"line":17},"4":{"name":"(anonymous_4)","decl":{"start":{"line":24,"column":2},"end":{"line":24,"column":3}},"loc":{"start":{"line":24,"column":8},"end":{"line":26,"column":3}},"line":24},"5":{"name":"(anonymous_5)","decl":{"start":{"line":28,"column":2},"end":{"line":28,"column":3}},"loc":{"start":{"line":28,"column":8},"end":{"line":30,"column":3}},"line":28},"6":{"name":"(anonymous_6)","decl":{"start":{"line":33,"column":2},"end":{"line":33,"column":3}},"loc":{"start":{"line":33,"column":14},"end":{"line":44,"column":3}},"line":33}},"branchMap":{"0":{"loc":{"start":{"line":10,"column":11},"end":{"line":10,"column":55}},"type":"binary-expr","locations":[{"start":{"line":10,"column":11},"end":{"line":10,"column":29}},{"start":{"line":10,"column":33},"end":{"line":10,"column":55}}],"line":10},"1":{"loc":{"start":{"line":38,"column":13},"end":{"line":42,"column":14}},"type":"cond-expr","locations":[{"start":{"line":38,"column":26},"end":{"line":42,"column":7}},{"start":{"line":42,"column":10},"end":{"line":42,"column":14}}],"line":38}},"s":{"0":8005,"1":8005,"2":8005,"3":8005,"4":226,"5":257,"6":32,"7":32,"8":32,"9":22,"10":22,"11":1000,"12":3},"f":{"0":8005,"1":226,"2":257,"3":32,"4":22,"5":22,"6":1000},"b":{"0":[226,208],"1":[3,997]},"_coverageSchema":"1a1c01bbd47fc00a2c39e90264f33305004495a9","hash":"c1222c7ce223f78c38cd5e2e75e3271520411ff7"}
}
