TN:
SF:src\game\Board.js
FN:5,(anonymous_0)
FN:10,(anonymous_1)
FN:28,(anonymous_2)
FN:36,(anonymous_3)
FN:97,(anonymous_4)
FN:110,(anonymous_5)
FN:125,(anonymous_6)
FN:130,(anonymous_7)
FN:131,(anonymous_8)
FN:132,(anonymous_9)
FNF:10
FNH:10
FNDA:80,(anonymous_0)
FNDA:80,(anonymous_1)
FNDA:2051,(anonymous_2)
FNDA:22,(anonymous_3)
FNDA:250,(anonymous_4)
FNDA:22,(anonymous_5)
FNDA:16,(anonymous_6)
FNDA:10,(anonymous_7)
FNDA:100,(anonymous_8)
FNDA:1000,(anonymous_9)
DA:2,2
DA:6,80
DA:7,80
DA:11,80
DA:13,80
DA:14,800
DA:15,800
DA:16,8000
DA:17,640
DA:19,7360
DA:22,800
DA:25,80
DA:29,2051
DA:30,40
DA:32,2011
DA:37,22
DA:38,22
DA:39,22
DA:40,22
DA:43,22
DA:44,83
DA:45,83
DA:46,78
DA:47,78
DA:48,3
DA:51,5
DA:56,22
DA:57,22
DA:58,22
DA:59,1
DA:60,1
DA:61,0
DA:64,21
DA:69,22
DA:70,118
DA:71,118
DA:72,118
DA:73,118
DA:74,0
DA:77,0
DA:82,22
DA:83,22
DA:84,22
DA:85,5
DA:86,5
DA:87,0
DA:90,17
DA:94,22
DA:98,250
DA:100,211
DA:102,209
DA:105,9
DA:107,4
DA:111,22
DA:112,22
DA:114,22
DA:115,2
DA:118,20
DA:119,20
DA:121,20
DA:126,16
DA:131,10
DA:132,100
DA:134,1000
DA:141,2
LF:65
LH:61
BRDA:5,0,0,79
BRDA:16,1,0,640
BRDA:16,1,1,7360
BRDA:16,2,0,8000
BRDA:16,2,1,7200
BRDA:16,2,2,1600
BRDA:16,2,3,1440
BRDA:16,2,4,1280
BRDA:16,2,5,1120
BRDA:29,3,0,40
BRDA:29,3,1,2011
BRDA:29,4,0,2051
BRDA:29,4,1,2029
BRDA:29,4,2,2012
BRDA:29,4,3,2011
BRDA:40,5,0,12
BRDA:40,5,1,10
BRDA:45,6,0,78
BRDA:45,6,1,5
BRDA:47,7,0,3
BRDA:47,7,1,75
BRDA:58,8,0,1
BRDA:58,8,1,21
BRDA:60,9,0,0
BRDA:60,9,1,1
BRDA:71,10,0,118
BRDA:71,10,1,0
BRDA:73,11,0,0
BRDA:73,11,1,118
BRDA:84,12,0,5
BRDA:84,12,1,17
BRDA:86,13,0,0
BRDA:86,13,1,5
BRDA:98,14,0,39
BRDA:98,14,1,211
BRDA:100,15,0,2
BRDA:100,15,1,209
BRDA:102,16,0,200
BRDA:102,16,1,9
BRDA:105,17,0,5
BRDA:105,17,1,4
BRDA:114,18,0,2
BRDA:114,18,1,20
BRDA:114,19,0,22
BRDA:114,19,1,22
BRDA:114,19,2,22
BRDA:114,19,3,21
BRDA:114,19,4,14
BRF:48
BRH:44
end_of_record
TN:
SF:src\game\Game.js
FN:7,(anonymous_0)
FN:21,(anonymous_1)
FN:25,(anonymous_2)
FN:32,(anonymous_3)
FN:39,(anonymous_4)
FN:46,(anonymous_5)
FN:57,(anonymous_6)
FN:77,(anonymous_7)
FN:132,(anonymous_8)
FN:174,(anonymous_9)
FN:178,(anonymous_10)
FN:191,(anonymous_11)
FN:210,(anonymous_12)
FN:233,(anonymous_13)
FN:251,(anonymous_14)
FN:252,(anonymous_15)
FN:286,(anonymous_16)
FN:301,(anonymous_17)
FNF:18
FNH:14
FNDA:48,(anonymous_0)
FNDA:0,(anonymous_1)
FNDA:4,(anonymous_2)
FNDA:1,(anonymous_3)
FNDA:8,(anonymous_4)
FNDA:5,(anonymous_5)
FNDA:2,(anonymous_6)
FNDA:20,(anonymous_7)
FNDA:13,(anonymous_8)
FNDA:21,(anonymous_9)
FNDA:0,(anonymous_10)
FNDA:20,(anonymous_11)
FNDA:4,(anonymous_12)
FNDA:8,(anonymous_13)
FNDA:80,(anonymous_14)
FNDA:800,(anonymous_15)
FNDA:0,(anonymous_16)
FNDA:0,(anonymous_17)
DA:1,1
DA:2,1
DA:3,1
DA:4,1
DA:8,48
DA:9,48
DA:10,48
DA:11,48
DA:12,48
DA:13,48
DA:14,48
DA:15,48
DA:22,0
DA:26,4
DA:27,1
DA:29,3
DA:33,1
DA:34,0
DA:36,1
DA:40,8
DA:41,0
DA:43,8
DA:47,5
DA:48,0
DA:50,5
DA:51,5
DA:52,2
DA:53,2
DA:59,2
DA:60,2
DA:61,8
DA:62,80
DA:63,80
DA:68,2
DA:69,2
DA:70,8
DA:71,80
DA:72,80
DA:78,20
DA:79,0
DA:81,20
DA:82,19
DA:84,19
DA:85,0
DA:87,19
DA:88,1
DA:91,18
DA:92,0
DA:97,18
DA:98,13
DA:100,13
DA:101,9
DA:102,9
DA:103,9
DA:106,5
DA:107,5
DA:109,18
DA:118,18
DA:120,18
DA:123,18
DA:124,5
DA:125,5
DA:126,5
DA:129,18
DA:133,13
DA:134,13
DA:137,13
DA:138,2
DA:139,2
DA:140,2
DA:141,2
DA:142,2
DA:143,2
DA:146,11
DA:148,2
DA:149,2
DA:150,2
DA:153,9
DA:154,2
DA:155,2
DA:156,2
DA:159,7
DA:160,3
DA:161,3
DA:162,3
DA:163,4
DA:164,2
DA:165,2
DA:168,2
DA:169,2
DA:170,2
DA:175,21
DA:179,0
DA:180,0
DA:181,0
DA:182,0
DA:183,0
DA:187,0
DA:192,20
DA:193,155
DA:194,1509
DA:195,1509
DA:197,10
DA:199,5
DA:200,5
DA:201,5
DA:207,15
DA:211,4
DA:214,4
DA:215,0
DA:219,4
DA:220,1
DA:224,3
DA:225,1
DA:229,2
DA:235,8
DA:236,0
DA:250,8
DA:251,8
DA:252,80
DA:253,800
DA:258,2
DA:267,798
DA:271,8
DA:287,0
DA:288,0
DA:302,0
DA:303,0
DA:304,0
DA:305,0
DA:306,0
DA:307,0
DA:310,0
DA:311,0
DA:312,0
DA:313,0
DA:315,0
DA:316,0
DA:317,0
DA:318,0
DA:322,0
DA:323,0
DA:324,0
DA:325,0
DA:326,0
DA:327,0
DA:328,0
DA:334,0
DA:341,1
LF:149
LH:110
BRDA:26,0,0,1
BRDA:26,0,1,3
BRDA:33,1,0,0
BRDA:33,1,1,1
BRDA:40,2,0,0
BRDA:40,2,1,8
BRDA:47,3,0,0
BRDA:47,3,1,5
BRDA:51,4,0,2
BRDA:51,4,1,3
BRDA:51,5,0,5
BRDA:51,5,1,5
BRDA:78,6,0,0
BRDA:78,6,1,20
BRDA:84,7,0,0
BRDA:84,7,1,19
BRDA:84,8,0,19
BRDA:84,8,1,13
BRDA:87,9,0,1
BRDA:87,9,1,18
BRDA:91,10,0,0
BRDA:91,10,1,18
BRDA:97,11,0,13
BRDA:97,11,1,5
BRDA:100,12,0,9
BRDA:100,12,1,4
BRDA:100,13,0,13
BRDA:100,13,1,11
BRDA:123,14,0,5
BRDA:123,14,1,13
BRDA:123,15,0,18
BRDA:123,15,1,7
BRDA:125,16,0,1
BRDA:125,16,1,4
BRDA:137,17,0,2
BRDA:137,17,1,11
BRDA:146,18,0,2
BRDA:146,18,1,9
BRDA:146,19,0,11
BRDA:146,19,1,2
BRDA:153,20,0,2
BRDA:153,20,1,7
BRDA:153,21,0,9
BRDA:153,21,1,2
BRDA:159,22,0,3
BRDA:159,22,1,4
BRDA:163,23,0,2
BRDA:163,23,1,2
BRDA:175,24,0,19
BRDA:175,24,1,2
BRDA:182,25,0,0
BRDA:182,25,1,0
BRDA:182,26,0,0
BRDA:182,26,1,0
BRDA:195,27,0,10
BRDA:195,27,1,1499
BRDA:195,28,0,1509
BRDA:195,28,1,22
BRDA:197,29,0,5
BRDA:197,29,1,5
BRDA:200,30,0,5
BRDA:200,30,1,0
BRDA:214,31,0,0
BRDA:214,31,1,4
BRDA:214,32,0,4
BRDA:214,32,1,4
BRDA:219,33,0,1
BRDA:219,33,1,3
BRDA:224,34,0,1
BRDA:224,34,1,2
BRDA:235,35,0,0
BRDA:235,35,1,8
BRDA:253,36,0,2
BRDA:253,36,1,798
BRDA:254,37,0,800
BRDA:254,37,1,3
BRDA:254,37,2,2
BRDA:310,38,0,0
BRDA:310,38,1,0
BRDA:315,39,0,0
BRDA:315,39,1,0
BRDA:322,40,0,0
BRDA:322,40,1,0
BRDA:322,41,0,0
BRDA:322,41,1,0
BRDA:325,42,0,0
BRDA:325,42,1,0
BRDA:327,43,0,0
BRDA:327,43,1,0
BRF:89
BRH:64
end_of_record
TN:
SF:src\game\Move.js
FN:2,(anonymous_0)
FNF:1
FNH:1
FNDA:20,(anonymous_0)
DA:3,20
DA:4,20
DA:5,20
DA:6,20
DA:7,20
DA:8,20
DA:9,20
DA:10,20
DA:11,20
DA:14,2
LF:10
LH:10
BRDA:2,0,0,18
BRDA:2,1,0,18
BRF:2
BRH:2
end_of_record
TN:
SF:src\game\Piece.js
FN:2,(anonymous_0)
FN:8,(anonymous_1)
FN:12,(anonymous_2)
FN:16,(anonymous_3)
FN:20,(anonymous_4)
FN:24,(anonymous_5)
FN:28,(anonymous_6)
FN:32,(anonymous_7)
FN:36,(anonymous_8)
FN:40,(anonymous_9)
FN:44,(anonymous_10)
FNF:11
FNH:11
FNDA:252,(anonymous_0)
FNDA:35,(anonymous_1)
FNDA:1,(anonymous_2)
FNDA:1,(anonymous_3)
FNDA:1,(anonymous_4)
FNDA:1,(anonymous_5)
FNDA:23,(anonymous_6)
FNDA:27,(anonymous_7)
FNDA:1,(anonymous_8)
FNDA:38,(anonymous_9)
FNDA:114,(anonymous_10)
DA:3,252
DA:4,252
DA:5,252
DA:9,35
DA:13,1
DA:17,1
DA:21,1
DA:25,1
DA:29,23
DA:33,27
DA:37,1
DA:41,38
DA:45,114
DA:49,4
LF:14
LH:14
BRDA:9,0,0,35
BRDA:9,0,1,32
BRF:2
BRH:2
end_of_record
TN:
SF:src\game\Player.js
FN:2,(anonymous_0)
FN:5,(anonymous_1)
FN:10,(anonymous_2)
FN:29,(anonymous_3)
FN:33,(anonymous_4)
FN:40,(anonymous_5)
FN:60,(anonymous_6)
FN:80,(anonymous_7)
FN:81,(anonymous_8)
FN:107,(anonymous_9)
FN:111,(anonymous_10)
FNF:11
FNH:11
FNDA:138,(anonymous_0)
FNDA:552,(anonymous_1)
FNDA:167,(anonymous_2)
FNDA:21,(anonymous_3)
FNDA:7,(anonymous_4)
FNDA:23,(anonymous_5)
FNDA:9,(anonymous_6)
FNDA:16,(anonymous_7)
FNDA:64,(anonymous_8)
FNDA:18,(anonymous_9)
FNDA:10,(anonymous_10)
DA:3,138
DA:4,138
DA:5,552
DA:6,138
DA:7,138
DA:11,167
DA:26,167
DA:30,21
DA:34,7
DA:35,1
DA:37,6
DA:41,23
DA:42,22
DA:43,21
DA:44,5
DA:46,16
DA:48,21
DA:49,21
DA:50,3
DA:53,1
DA:56,1
DA:61,9
DA:62,1
DA:65,8
DA:66,2
DA:69,6
DA:70,6
DA:72,6
DA:73,6
DA:75,6
DA:76,1
DA:81,64
DA:82,16
DA:84,16
DA:85,16
DA:86,192
DA:87,640
DA:91,16
DA:92,624
DA:93,624
DA:96,16
DA:97,16
DA:98,64
DA:99,640
DA:103,16
DA:104,16
DA:108,18
DA:112,10
DA:117,2
LF:49
LH:49
BRDA:34,0,0,1
BRDA:34,0,1,6
BRDA:41,1,0,22
BRDA:41,1,1,1
BRDA:42,2,0,21
BRDA:42,2,1,1
BRDA:43,3,0,5
BRDA:43,3,1,16
BRDA:49,4,0,3
BRDA:49,4,1,18
BRDA:61,5,0,1
BRDA:61,5,1,8
BRDA:65,6,0,2
BRDA:65,6,1,6
BRDA:65,7,0,8
BRDA:65,7,1,6
BRDA:73,8,0,3
BRDA:73,8,1,3
BRDA:75,9,0,1
BRDA:75,9,1,5
BRF:20
BRH:20
end_of_record
TN:
SF:src\game\Space.js
FN:2,(anonymous_0)
FN:9,(anonymous_1)
FN:13,(anonymous_2)
FN:17,(anonymous_3)
FN:24,(anonymous_4)
FN:28,(anonymous_5)
FN:33,(anonymous_6)
FNF:7
FNH:7
FNDA:8005,(anonymous_0)
FNDA:226,(anonymous_1)
FNDA:257,(anonymous_2)
FNDA:32,(anonymous_3)
FNDA:22,(anonymous_4)
FNDA:22,(anonymous_5)
FNDA:1000,(anonymous_6)
DA:3,8005
DA:4,8005
DA:5,8005
DA:6,8005
DA:10,226
DA:14,257
DA:19,32
DA:20,32
DA:21,32
DA:25,22
DA:29,22
DA:34,1000
DA:47,3
LF:13
LH:13
BRDA:10,0,0,226
BRDA:10,0,1,208
BRDA:38,1,0,3
BRDA:38,1,1,997
BRF:4
BRH:4
end_of_record
