TN:
SF:src\game\Board.js
FN:6,(anonymous_0)
FN:12,(anonymous_1)
FN:31,(anonymous_2)
FN:39,(anonymous_3)
FN:101,(anonymous_4)
FN:115,(anonymous_5)
FN:130,(anonymous_6)
FN:135,(anonymous_7)
FN:136,(anonymous_8)
FN:137,(anonymous_9)
FNF:10
FNH:10
FNDA:79,(anonymous_0)
FNDA:79,(anonymous_1)
FNDA:1948,(anonymous_2)
FNDA:22,(anonymous_3)
FNDA:250,(anonymous_4)
FNDA:21,(anonymous_5)
FNDA:15,(anonymous_6)
FNDA:10,(anonymous_7)
FNDA:100,(anonymous_8)
FNDA:1000,(anonymous_9)
DA:2,2
DA:7,79
DA:8,79
DA:13,79
DA:15,79
DA:16,790
DA:17,790
DA:18,7900
DA:19,632
DA:21,7268
DA:24,790
DA:27,79
DA:32,1948
DA:33,40
DA:35,1908
DA:40,22
DA:41,22
DA:42,22
DA:43,22
DA:46,22
DA:47,83
DA:48,83
DA:49,78
DA:50,78
DA:51,3
DA:54,5
DA:59,22
DA:60,22
DA:61,22
DA:62,1
DA:63,1
DA:64,0
DA:67,21
DA:72,22
DA:73,118
DA:74,118
DA:75,118
DA:76,118
DA:77,0
DA:80,0
DA:85,22
DA:86,22
DA:87,22
DA:88,5
DA:89,5
DA:90,0
DA:93,17
DA:97,22
DA:102,250
DA:104,211
DA:106,209
DA:109,9
DA:111,4
DA:116,21
DA:117,21
DA:119,21
DA:120,2
DA:123,19
DA:124,19
DA:126,19
DA:131,15
DA:136,10
DA:137,100
DA:139,1000
DA:146,2
LF:65
LH:61
BRDA:6,0,0,78
BRDA:18,1,0,632
BRDA:18,1,1,7268
BRDA:18,2,0,7900
BRDA:18,2,1,7110
BRDA:18,2,2,1580
BRDA:18,2,3,1422
BRDA:18,2,4,1264
BRDA:18,2,5,1106
BRDA:32,3,0,40
BRDA:32,3,1,1908
BRDA:32,4,0,1948
BRDA:32,4,1,1926
BRDA:32,4,2,1909
BRDA:32,4,3,1908
BRDA:43,5,0,12
BRDA:43,5,1,10
BRDA:48,6,0,78
BRDA:48,6,1,5
BRDA:50,7,0,3
BRDA:50,7,1,75
BRDA:61,8,0,1
BRDA:61,8,1,21
BRDA:63,9,0,0
BRDA:63,9,1,1
BRDA:74,10,0,118
BRDA:74,10,1,0
BRDA:76,11,0,0
BRDA:76,11,1,118
BRDA:87,12,0,5
BRDA:87,12,1,17
BRDA:89,13,0,0
BRDA:89,13,1,5
BRDA:102,14,0,39
BRDA:102,14,1,211
BRDA:104,15,0,2
BRDA:104,15,1,209
BRDA:106,16,0,200
BRDA:106,16,1,9
BRDA:109,17,0,5
BRDA:109,17,1,4
BRDA:119,18,0,2
BRDA:119,18,1,19
BRDA:119,19,0,21
BRDA:119,19,1,21
BRDA:119,19,2,21
BRDA:119,19,3,20
BRDA:119,19,4,14
BRF:48
BRH:44
end_of_record
TN:
SF:src\game\Game.js
FN:8,(anonymous_0)
FN:24,(anonymous_1)
FN:29,(anonymous_2)
FN:37,(anonymous_3)
FN:45,(anonymous_4)
FN:53,(anonymous_5)
FN:65,(anonymous_6)
FN:86,(anonymous_7)
FN:145,(anonymous_8)
FN:205,(anonymous_9)
FN:210,(anonymous_10)
FN:222,(anonymous_11)
FN:235,(anonymous_12)
FN:255,(anonymous_13)
FN:278,(anonymous_14)
FN:296,(anonymous_15)
FN:297,(anonymous_16)
FN:332,(anonymous_17)
FN:348,(anonymous_18)
FNF:19
FNH:15
FNDA:47,(anonymous_0)
FNDA:0,(anonymous_1)
FNDA:4,(anonymous_2)
FNDA:1,(anonymous_3)
FNDA:8,(anonymous_4)
FNDA:5,(anonymous_5)
FNDA:2,(anonymous_6)
FNDA:19,(anonymous_7)
FNDA:13,(anonymous_8)
FNDA:20,(anonymous_9)
FNDA:13,(anonymous_10)
FNDA:0,(anonymous_11)
FNDA:19,(anonymous_12)
FNDA:4,(anonymous_13)
FNDA:8,(anonymous_14)
FNDA:80,(anonymous_15)
FNDA:800,(anonymous_16)
FNDA:0,(anonymous_17)
FNDA:0,(anonymous_18)
DA:1,1
DA:3,1
DA:4,1
DA:9,47
DA:10,47
DA:11,47
DA:12,47
DA:13,47
DA:14,47
DA:15,47
DA:16,47
DA:17,47
DA:25,0
DA:30,4
DA:31,1
DA:33,3
DA:38,1
DA:39,0
DA:41,1
DA:46,8
DA:47,0
DA:49,8
DA:54,5
DA:55,0
DA:57,5
DA:58,5
DA:59,2
DA:60,2
DA:67,2
DA:68,2
DA:69,8
DA:70,80
DA:71,80
DA:76,2
DA:77,2
DA:78,8
DA:79,80
DA:80,80
DA:87,19
DA:88,0
DA:91,19
DA:92,18
DA:94,18
DA:95,0
DA:97,18
DA:98,1
DA:101,17
DA:102,0
DA:108,17
DA:109,13
DA:111,13
DA:112,9
DA:113,9
DA:114,9
DA:118,4
DA:119,4
DA:132,17
DA:135,17
DA:136,4
DA:137,4
DA:138,4
DA:141,17
DA:147,13
DA:148,13
DA:150,13
DA:151,13
DA:154,13
DA:156,2
DA:158,2
DA:160,2
DA:162,2
DA:163,2
DA:164,2
DA:165,2
DA:169,11
DA:170,2
DA:171,2
DA:172,2
DA:173,2
DA:177,9
DA:178,2
DA:179,2
DA:180,2
DA:181,2
DA:186,7
DA:187,3
DA:188,3
DA:189,3
DA:190,3
DA:191,4
DA:192,2
DA:193,2
DA:194,2
DA:197,2
DA:198,2
DA:199,2
DA:200,2
DA:206,20
DA:211,13
DA:223,0
DA:224,0
DA:225,0
DA:226,0
DA:227,0
DA:231,0
DA:236,19
DA:237,145
DA:238,1409
DA:239,1409
DA:241,10
DA:243,5
DA:244,5
DA:245,5
DA:251,14
DA:256,4
DA:259,4
DA:260,0
DA:264,4
DA:265,1
DA:269,3
DA:270,1
DA:274,2
DA:280,8
DA:281,0
DA:295,8
DA:296,8
DA:297,80
DA:298,800
DA:303,2
DA:312,798
DA:316,8
DA:333,0
DA:334,0
DA:349,0
DA:350,0
DA:351,0
DA:352,0
DA:353,0
DA:354,0
DA:357,0
DA:358,0
DA:362,0
DA:363,0
DA:364,0
DA:365,0
DA:367,0
DA:368,0
DA:369,0
DA:370,0
DA:374,0
DA:375,0
DA:376,0
DA:377,0
DA:378,0
DA:379,0
DA:380,0
DA:386,0
DA:393,1
LF:158
LH:117
BRDA:30,0,0,1
BRDA:30,0,1,3
BRDA:38,1,0,0
BRDA:38,1,1,1
BRDA:46,2,0,0
BRDA:46,2,1,8
BRDA:54,3,0,0
BRDA:54,3,1,5
BRDA:58,4,0,2
BRDA:58,4,1,3
BRDA:58,5,0,5
BRDA:58,5,1,5
BRDA:87,6,0,0
BRDA:87,6,1,19
BRDA:94,7,0,0
BRDA:94,7,1,18
BRDA:94,8,0,18
BRDA:94,8,1,13
BRDA:97,9,0,1
BRDA:97,9,1,17
BRDA:101,10,0,0
BRDA:101,10,1,17
BRDA:108,11,0,13
BRDA:108,11,1,4
BRDA:111,12,0,9
BRDA:111,12,1,4
BRDA:111,13,0,13
BRDA:111,13,1,11
BRDA:135,14,0,4
BRDA:135,14,1,13
BRDA:135,15,0,17
BRDA:135,15,1,6
BRDA:137,16,0,1
BRDA:137,16,1,3
BRDA:151,17,0,13
BRDA:151,17,1,0
BRDA:154,18,0,2
BRDA:154,18,1,11
BRDA:169,19,0,2
BRDA:169,19,1,9
BRDA:169,20,0,11
BRDA:169,20,1,2
BRDA:177,21,0,2
BRDA:177,21,1,7
BRDA:177,22,0,9
BRDA:177,22,1,2
BRDA:186,23,0,3
BRDA:186,23,1,4
BRDA:191,24,0,2
BRDA:191,24,1,2
BRDA:206,25,0,18
BRDA:206,25,1,2
BRDA:226,26,0,0
BRDA:226,26,1,0
BRDA:226,27,0,0
BRDA:226,27,1,0
BRDA:239,28,0,10
BRDA:239,28,1,1399
BRDA:239,29,0,1409
BRDA:239,29,1,21
BRDA:241,30,0,5
BRDA:241,30,1,5
BRDA:244,31,0,5
BRDA:244,31,1,0
BRDA:259,32,0,0
BRDA:259,32,1,4
BRDA:259,33,0,4
BRDA:259,33,1,4
BRDA:264,34,0,1
BRDA:264,34,1,3
BRDA:269,35,0,1
BRDA:269,35,1,2
BRDA:280,36,0,0
BRDA:280,36,1,8
BRDA:298,37,0,2
BRDA:298,37,1,798
BRDA:299,38,0,800
BRDA:299,38,1,3
BRDA:299,38,2,2
BRDA:357,39,0,0
BRDA:357,39,1,0
BRDA:362,40,0,0
BRDA:362,40,1,0
BRDA:367,41,0,0
BRDA:367,41,1,0
BRDA:374,42,0,0
BRDA:374,42,1,0
BRDA:374,43,0,0
BRDA:374,43,1,0
BRDA:377,44,0,0
BRDA:377,44,1,0
BRDA:379,45,0,0
BRDA:379,45,1,0
BRF:93
BRH:65
end_of_record
TN:
SF:src\game\Piece.js
FN:3,(anonymous_0)
FN:11,(anonymous_1)
FN:16,(anonymous_2)
FN:21,(anonymous_3)
FN:26,(anonymous_4)
FN:31,(anonymous_5)
FN:36,(anonymous_6)
FN:41,(anonymous_7)
FN:46,(anonymous_8)
FN:51,(anonymous_9)
FN:56,(anonymous_10)
FNF:11
FNH:11
FNDA:251,(anonymous_0)
FNDA:34,(anonymous_1)
FNDA:1,(anonymous_2)
FNDA:1,(anonymous_3)
FNDA:1,(anonymous_4)
FNDA:1,(anonymous_5)
FNDA:23,(anonymous_6)
FNDA:27,(anonymous_7)
FNDA:1,(anonymous_8)
FNDA:64,(anonymous_9)
FNDA:112,(anonymous_10)
DA:4,251
DA:5,251
DA:7,251
DA:12,34
DA:17,1
DA:22,1
DA:27,1
DA:32,1
DA:37,23
DA:42,27
DA:47,1
DA:52,64
DA:57,112
DA:61,4
LF:14
LH:14
BRDA:12,0,0,34
BRDA:12,0,1,31
BRF:2
BRH:2
end_of_record
TN:
SF:src\game\Player.js
FN:3,(anonymous_0)
FN:6,(anonymous_1)
FN:12,(anonymous_2)
FN:32,(anonymous_3)
FN:37,(anonymous_4)
FN:45,(anonymous_5)
FN:71,(anonymous_6)
FN:95,(anonymous_7)
FN:96,(anonymous_8)
FN:127,(anonymous_9)
FN:132,(anonymous_10)
FNF:11
FNH:11
FNDA:136,(anonymous_0)
FNDA:544,(anonymous_1)
FNDA:165,(anonymous_2)
FNDA:21,(anonymous_3)
FNDA:7,(anonymous_4)
FNDA:23,(anonymous_5)
FNDA:9,(anonymous_6)
FNDA:16,(anonymous_7)
FNDA:64,(anonymous_8)
FNDA:18,(anonymous_9)
FNDA:10,(anonymous_10)
DA:4,136
DA:5,136
DA:6,544
DA:7,136
DA:8,136
DA:13,165
DA:28,165
DA:33,21
DA:38,7
DA:39,1
DA:41,6
DA:47,23
DA:49,22
DA:51,21
DA:52,5
DA:54,16
DA:57,21
DA:59,21
DA:60,3
DA:63,1
DA:66,1
DA:73,9
DA:74,1
DA:78,8
DA:79,2
DA:82,6
DA:83,6
DA:86,6
DA:87,6
DA:89,6
DA:90,1
DA:96,64
DA:97,16
DA:100,16
DA:101,16
DA:102,192
DA:103,640
DA:108,16
DA:109,624
DA:110,624
DA:114,16
DA:115,16
DA:116,64
DA:117,640
DA:122,16
DA:123,16
DA:128,18
DA:133,10
DA:138,2
LF:49
LH:49
BRDA:38,0,0,1
BRDA:38,0,1,6
BRDA:47,1,0,22
BRDA:47,1,1,1
BRDA:49,2,0,21
BRDA:49,2,1,1
BRDA:51,3,0,5
BRDA:51,3,1,16
BRDA:59,4,0,3
BRDA:59,4,1,18
BRDA:73,5,0,1
BRDA:73,5,1,8
BRDA:78,6,0,2
BRDA:78,6,1,6
BRDA:78,7,0,8
BRDA:78,7,1,6
BRDA:87,8,0,3
BRDA:87,8,1,3
BRDA:89,9,0,1
BRDA:89,9,1,5
BRF:20
BRH:20
end_of_record
TN:
SF:src\game\Space.js
FN:4,(anonymous_0)
FN:12,(anonymous_1)
FN:17,(anonymous_2)
FN:22,(anonymous_3)
FN:29,(anonymous_4)
FN:34,(anonymous_5)
FN:39,(anonymous_6)
FNF:7
FNH:7
FNDA:7905,(anonymous_0)
FNDA:225,(anonymous_1)
FNDA:255,(anonymous_2)
FNDA:31,(anonymous_3)
FNDA:22,(anonymous_4)
FNDA:22,(anonymous_5)
FNDA:1000,(anonymous_6)
DA:5,7905
DA:6,7905
DA:7,7905
DA:8,7905
DA:13,225
DA:18,255
DA:23,31
DA:24,31
DA:25,31
DA:30,22
DA:35,22
DA:40,1000
DA:53,3
LF:13
LH:13
BRDA:13,0,0,225
BRDA:13,0,1,207
BRDA:44,1,0,3
BRDA:44,1,1,997
BRF:4
BRH:4
end_of_record
